1. x11 x12 x13 x14 {}
2. x21 x22 x23 x24 {}
3. x31 x32 x33 x34 {}
4. x41 x42 x43 x44 {}
5. ~x11 x12 x13 x14 {}
6. x11 ~x12 x13 x14 {}
7. x11 x12 ~x13 x14 {}
8. x11 x12 x13 ~x14 {}
9. ~x21 x22 x23 x24 {}
10. x21 ~x22 x23 x24 {}
11. x21 x22 ~x23 x24 {}
12. x21 x22 x23 ~x24 {}
13. ~x31 x32 x33 x34 {}
14. x31 ~x32 x33 x34 {}
15. x31 x32 ~x33 x34 {}
16. x31 x32 x33 ~x34 {}
17. ~x41 x42 x43 x44 {}
18. x41 ~x42 x43 x44 {}
19. x41 x42 ~x43 x44 {}
20. x41 x42 x43 ~x44 {}
21. ~x11 ~x12 x13 x14 {}
22. ~x11 x12 ~x13 x14 {}
23. ~x11 x12 x13 ~x14 {}
24. x11 ~x12 ~x13 x14 {}
25. x11 ~x12 x13 ~x14 {}
26. x11 x12 ~x13 ~x14 {}
27. ~x21 ~x22 x23 x24 {}
28. ~x21 x22 ~x23 x24 {}
29. ~x21 x22 x23 ~x24 {}
30. x21 ~x22 ~x23 x24 {}
31. x21 ~x22 x23 ~x24 {}
32. x21 x22 ~x23 ~x24 {}
33. ~x31 ~x32 x33 x34 {}
34. ~x31 x32 ~x33 x34 {}
35. ~x31 x32 x33 ~x34 {}
36. x31 ~x32 ~x33 x34 {}
37. x31 ~x32 x33 ~x34 {}
38. x31 x32 ~x33 ~x34 {}
39. ~x11 ~x12 ~x13 x14 {}
40. ~x11 ~x12 x13 ~x14 {}
41. ~x11 x12 ~x13 ~x14 {}
42. x11 ~x12 ~x13 ~x14 {}
43. ~x21 ~x22 ~x23 x24 {}
44. ~x21 ~x22 x23 ~x24 {}
45. ~x21 x22 ~x23 ~x24 {}
46. x21 ~x22 ~x23 ~x24 {}
47. ~x31 ~x32 ~x33 x34 {}
48. ~x31 ~x32 x33 ~x34 {}
49. ~x31 x32 ~x33 ~x34 {}
50. x31 ~x32 ~x33 ~x34 {}
51. ~x41 {}
52. x12 x13 x14 {5, 1}
53. x11 x13 x14 {6, 1}
54. x11 x12 x14 {7, 1}
55. x11 x12 x13 {8, 1}
56. x22 x23 x24 {9, 2}
57. x21 x23 x24 {10, 2}
58. x21 x22 x24 {11, 2}
59. x21 x22 x23 {12, 2}
60. x32 x33 x34 {13, 3}
61. x31 x33 x34 {14, 3}
62. x31 x32 x34 {15, 3}
63. x31 x32 x33 {16, 3}
64. x42 x43 x44 {17, 4}
65. x41 x43 x44 {18, 4}
66. x41 x42 x44 {19, 4}
67. x41 x42 x43 {20, 4}
68. ~x11 x13 x14 {21, 5}
69. ~x12 x13 x14 {21, 6}
70. ~x11 x12 x14 {22, 5}
71. x12 ~x13 x14 {22, 7}
72. ~x11 x12 x13 {23, 5}
73. x12 x13 ~x14 {23, 8}
74. x11 ~x12 x14 {24, 6}
75. x11 ~x13 x14 {24, 7}
76. x11 ~x12 x13 {25, 6}
77. x11 x13 ~x14 {25, 8}
78. x11 x12 ~x13 {26, 7}
79. x11 x12 ~x14 {26, 8}
80. ~x21 x23 x24 {27, 9}
81. ~x22 x23 x24 {27, 10}
82. ~x21 x22 x24 {28, 9}
83. x22 ~x23 x24 {28, 11}
84. ~x21 x22 x23 {29, 9}
85. x22 x23 ~x24 {29, 12}
86. x21 ~x22 x24 {30, 10}
87. x21 ~x23 x24 {30, 11}
88. x21 ~x22 x23 {31, 10}
89. x21 x23 ~x24 {31, 12}
90. x21 x22 ~x23 {32, 11}
91. x21 x22 ~x24 {32, 12}
92. ~x31 x33 x34 {33, 13}
93. ~x32 x33 x34 {33, 14}
94. ~x31 x32 x34 {34, 13}
95. x32 ~x33 x34 {34, 15}
96. ~x31 x32 x33 {35, 13}
97. x32 x33 ~x34 {35, 16}
98. x31 ~x32 x34 {36, 14}
99. x31 ~x33 x34 {36, 15}
100. x31 ~x32 x33 {37, 14}
101. x31 x33 ~x34 {37, 16}
102. x31 x32 ~x33 {38, 15}
103. x31 x32 ~x34 {38, 16}
104. ~x11 ~x12 x14 {39, 21}
105. ~x11 ~x13 x14 {39, 22}
106. ~x12 ~x13 x14 {39, 24}
107. ~x11 ~x12 x13 {40, 21}
108. ~x11 x13 ~x14 {40, 23}
109. ~x12 x13 ~x14 {40, 25}
110. ~x11 x12 ~x13 {41, 22}
111. ~x11 x12 ~x14 {41, 23}
112. x12 ~x13 ~x14 {41, 26}
113. x11 ~x12 ~x13 {42, 24}
114. x11 ~x12 ~x14 {42, 25}
115. x11 ~x13 ~x14 {42, 26}
116. ~x21 ~x22 x24 {43, 27}
117. ~x21 ~x23 x24 {43, 28}
118. ~x22 ~x23 x24 {43, 30}
119. ~x21 ~x22 x23 {44, 27}
120. ~x21 x23 ~x24 {44, 29}
121. ~x22 x23 ~x24 {44, 31}
122. ~x21 x22 ~x23 {45, 28}
123. ~x21 x22 ~x24 {45, 29}
124. x22 ~x23 ~x24 {45, 32}
125. x21 ~x22 ~x23 {46, 30}
126. x21 ~x22 ~x24 {46, 31}
127. x21 ~x23 ~x24 {46, 32}
128. ~x31 ~x32 x34 {47, 33}
129. ~x31 ~x33 x34 {47, 34}
130. ~x32 ~x33 x34 {47, 36}
131. ~x31 ~x32 x33 {48, 33}
132. ~x31 x33 ~x34 {48, 35}
133. ~x32 x33 ~x34 {48, 37}
134. ~x31 x32 ~x33 {49, 34}
135. ~x31 x32 ~x34 {49, 35}
136. x32 ~x33 ~x34 {49, 38}
137. x31 ~x32 ~x33 {50, 36}
138. x31 ~x32 ~x34 {50, 37}
139. x31 ~x33 ~x34 {50, 38}
140. ~x42 x43 x44 {51, 18}
141. x42 ~x43 x44 {51, 19}
142. x42 x43 ~x44 {51, 20}
143. x43 x44 {65, 51}
144. x42 x44 {66, 51}
145. x42 x43 {67, 51}
146. x13 x14 {68, 53}
147. x12 x14 {70, 54}
148. x12 x13 {72, 55}
149. x11 x14 {74, 54}
150. x11 x13 {76, 55}
151. x11 x12 {78, 55}
152. x23 x24 {80, 57}
153. x22 x24 {82, 58}
154. x22 x23 {84, 59}
155. x21 x24 {86, 58}
156. x21 x23 {88, 59}
157. x21 x22 {90, 59}
158. x33 x34 {92, 61}
159. x32 x34 {94, 62}
160. x32 x33 {96, 63}
161. x31 x34 {98, 62}
162. x31 x33 {100, 63}
163. x31 x32 {102, 63}
164. ~x11 x14 {104, 70}
165. ~x12 x14 {104, 74}
166. ~x13 x14 {105, 75}
167. ~x11 x13 {107, 72}
168. ~x12 x13 {107, 76}
169. x13 ~x14 {108, 77}
170. ~x11 x12 {110, 72}
171. x12 ~x13 {110, 78}
172. x12 ~x14 {111, 79}
173. x11 ~x12 {113, 76}
174. x11 ~x13 {113, 78}
175. x11 ~x14 {114, 79}
176. ~x21 x24 {116, 82}
177. ~x22 x24 {116, 86}
178. ~x23 x24 {117, 87}
179. ~x21 x23 {119, 84}
180. ~x22 x23 {119, 88}
181. x23 ~x24 {120, 89}
182. ~x21 x22 {122, 84}
183. x22 ~x23 {122, 90}
184. x22 ~x24 {123, 91}
185. x21 ~x22 {125, 88}
186. x21 ~x23 {125, 90}
187. x21 ~x24 {126, 91}
188. ~x31 x34 {128, 94}
189. ~x32 x34 {128, 98}
190. ~x33 x34 {129, 99}
191. ~x31 x33 {131, 96}
192. ~x32 x33 {131, 100}
193. x33 ~x34 {132, 101}
194. ~x31 x32 {134, 96}
195. x32 ~x33 {134, 102}
196. x32 ~x34 {135, 103}
197. x31 ~x32 {137, 100}
198. x31 ~x33 {137, 102}
199. x31 ~x34 {138, 103}
200. ~x41 x43 x44 {140, 17}
201. ~x41 x42 x44 {141, 17}
202. ~x41 x42 x43 {142, 17}
203. x14 {164, 149}
204. x13 {167, 150}
205. x12 {170, 151}
206. x11 {173, 151}
207. x24 {176, 155}
208. x23 {179, 156}
209. x22 {182, 157}
210. x21 {185, 157}
211. x34 {188, 161}
212. x33 {191, 162}
213. x32 {194, 163}
214. x31 {197, 163}
