1. ~okH2 {}
2. okH1 {}
3. V1 {}
4. ~V2 {}
5. ~NoLeak ~LowTemp ReactorUnitSafe {}
6. NoLeak ~NoLeakH1 ~NoLeakH2 {}
7. ~okH1 NoLeakH1 {}
8. okH1 V1 NoLeakH1 {}
9. ~okH2 NoLeakH2 {}
10. okH2 V2 NoLeakH2 {}
11. ~okH3 {}
12. ~LowTemp ReactorUnitSafe ~NoLeakH1 ~NoLeakH2 {6, 5}
13. NoLeakH1 {7, 2}
14. ~okH1 NoLeak ~NoLeakH2 {7, 6}
15. okH1 V1 NoLeak ~NoLeakH2 {8, 6}
16. V1 NoLeakH1 {8, 7}
17. ~okH2 NoLeak ~NoLeakH1 {9, 6}
18. V2 NoLeakH2 {10, 1}
19. okH2 NoLeakH2 {10, 4}
20. okH2 V2 NoLeak ~NoLeakH1 {10, 6}
21. ~okH1 ~LowTemp ReactorUnitSafe ~NoLeakH2 {12, 7}
22. okH1 V1 ~LowTemp ReactorUnitSafe ~NoLeakH2 {12, 8}
23. ~okH2 ~LowTemp ReactorUnitSafe ~NoLeakH1 {12, 9}
24. okH2 V2 ~LowTemp ReactorUnitSafe ~NoLeakH1 {12, 10}
25. NoLeak ~NoLeakH2 {13, 6}
26. ~LowTemp ReactorUnitSafe ~NoLeakH2 {13, 12}
27. V1 NoLeak NoLeakH1 ~NoLeakH2 {14, 8}
28. ~okH2 ~okH1 NoLeak {14, 9}
29. okH2 ~okH1 V2 NoLeak {14, 10}
30. ~okH2 okH1 V1 NoLeak {15, 9}
31. okH2 okH1 V1 V2 NoLeak {15, 10}
32. V1 NoLeak ~NoLeakH2 {15, 14}
33. V1 ~LowTemp ReactorUnitSafe ~NoLeakH2 {16, 12}
34. V2 NoLeak ~NoLeakH1 NoLeakH2 {17, 10}
35. ~okH2 NoLeak {17, 13}
36. ~okH2 V1 NoLeak {17, 16}
37. NoLeakH2 {18, 4}
38. V2 NoLeak ~NoLeakH1 {18, 6}
39. V2 ~LowTemp ReactorUnitSafe ~NoLeakH1 {18, 12}
40. ~okH1 V2 NoLeak {18, 14}
41. okH1 V1 V2 NoLeak {18, 15}
42. okH2 NoLeak ~NoLeakH1 {19, 6}
43. okH2 ~LowTemp ReactorUnitSafe ~NoLeakH1 {19, 12}
44. okH2 ~okH1 NoLeak {19, 14}
45. okH2 okH1 V1 NoLeak {19, 15}
46. NoLeak ~NoLeakH1 NoLeakH2 {19, 17}
47. okH2 V2 NoLeak {20, 13}
48. okH2 V1 V2 NoLeak {20, 16}
49. V1 ~LowTemp ReactorUnitSafe NoLeakH1 ~NoLeakH2 {21, 8}
50. ~okH2 ~okH1 ~LowTemp ReactorUnitSafe {21, 9}
51. okH2 ~okH1 V2 ~LowTemp ReactorUnitSafe {21, 10}
52. V1 NoLeak ~LowTemp ReactorUnitSafe ~NoLeakH2 {21, 15}
53. ~okH1 V2 ~LowTemp ReactorUnitSafe {21, 18}
54. okH2 ~okH1 ~LowTemp ReactorUnitSafe {21, 19}
55. ~okH2 okH1 V1 ~LowTemp ReactorUnitSafe {22, 9}
56. okH2 okH1 V1 V2 ~LowTemp ReactorUnitSafe {22, 10}
57. okH1 V1 V2 ~LowTemp ReactorUnitSafe {22, 18}
58. okH2 okH1 V1 ~LowTemp ReactorUnitSafe {22, 19}
59. V2 ~LowTemp ReactorUnitSafe ~NoLeakH1 NoLeakH2 {23, 10}
60. ~okH2 ~LowTemp ReactorUnitSafe {23, 13}
61. ~okH2 V1 ~LowTemp ReactorUnitSafe {23, 16}
62. ~LowTemp ReactorUnitSafe ~NoLeakH1 NoLeakH2 {23, 19}
63. V2 NoLeak ~LowTemp ReactorUnitSafe ~NoLeakH1 {23, 20}
64. okH2 V2 ~LowTemp ReactorUnitSafe {24, 13}
65. okH2 V1 V2 ~LowTemp ReactorUnitSafe {24, 16}
66. V2 NoLeak {25, 18}
67. okH2 NoLeak {25, 19}
68. V2 ~LowTemp ReactorUnitSafe {26, 18}
69. okH2 ~LowTemp ReactorUnitSafe {26, 19}
70. ~okH2 V1 NoLeak NoLeakH1 {27, 9}
71. okH2 V1 V2 NoLeak NoLeakH1 {27, 10}
72. ~okH2 V1 NoLeak ~NoLeakH2 {27, 17}
73. V1 V2 NoLeak NoLeakH1 {27, 18}
74. okH2 V1 NoLeak NoLeakH1 {27, 19}
75. okH2 V1 V2 NoLeak ~NoLeakH2 {27, 20}
76. ~okH2 V1 NoLeak ~LowTemp ReactorUnitSafe ~NoLeakH2 {27, 23}
77. okH2 V1 V2 NoLeak ~LowTemp ReactorUnitSafe ~NoLeakH2 {27, 24}
78. ~okH1 V2 NoLeak NoLeakH2 {28, 10}
79. ~okH1 NoLeak NoLeakH2 {28, 19}
80. ~okH1 V2 NoLeak ~NoLeakH1 {28, 20}
81. ~okH1 V2 NoLeak ~LowTemp ReactorUnitSafe ~NoLeakH1 {28, 24}
82. okH1 V1 V2 NoLeak NoLeakH2 {30, 10}
83. okH1 V1 NoLeak NoLeakH2 {30, 19}
84. okH1 V1 V2 NoLeak ~NoLeakH1 {30, 20}
85. okH1 V1 V2 NoLeak ~LowTemp ReactorUnitSafe ~NoLeakH1 {30, 24}
86. V1 V2 NoLeak {32, 18}
87. okH2 V1 NoLeak {32, 19}
88. V1 V2 ~LowTemp ReactorUnitSafe {33, 18}
89. okH2 V1 ~LowTemp ReactorUnitSafe {33, 19}
90. V2 NoLeak NoLeakH2 {34, 13}
91. V1 V2 NoLeak NoLeakH2 {34, 16}
92. V1 V2 NoLeak ~NoLeakH1 {34, 32}
93. V1 V2 NoLeak ~LowTemp ReactorUnitSafe ~NoLeakH1 {34, 33}
94. NoLeak NoLeakH2 {35, 19}
95. V1 NoLeak NoLeakH2 {36, 19}
96. ~okH1 V1 V2 NoLeak {36, 29}
97. NoLeak ~NoLeakH1 {37, 6}
98. ~LowTemp ReactorUnitSafe ~NoLeakH1 {37, 12}
99. ~okH1 NoLeak {37, 14}
100. okH1 V1 NoLeak {37, 15}
101. ~okH1 ~LowTemp ReactorUnitSafe {37, 21}
102. okH1 V1 ~LowTemp ReactorUnitSafe {37, 22}
103. NoLeak {37, 25}
104. ~LowTemp ReactorUnitSafe {37, 26}
105. V1 NoLeak NoLeakH1 {37, 27}
106. V1 NoLeak {37, 32}
107. V1 ~LowTemp ReactorUnitSafe {37, 33}
108. V1 V2 NoLeak ~NoLeakH2 {38, 27}
109. V1 V2 NoLeak ~LowTemp ReactorUnitSafe ~NoLeakH2 {39, 27}
110. ~okH2 V1 V2 NoLeak {40, 30}
111. NoLeak ~LowTemp ReactorUnitSafe ~NoLeakH1 {42, 23}
112. okH2 V1 NoLeak ~NoLeakH2 {42, 27}
113. ~okH1 NoLeak ~NoLeakH1 {42, 28}
114. okH1 V1 NoLeak ~NoLeakH1 {42, 30}
115. V1 NoLeak ~NoLeakH1 {42, 36}
116. okH2 V1 NoLeak ~LowTemp ReactorUnitSafe ~NoLeakH2 {43, 27}
117. ~okH1 NoLeak ~LowTemp ReactorUnitSafe ~NoLeakH1 {43, 28}
118. okH1 V1 NoLeak ~LowTemp ReactorUnitSafe ~NoLeakH1 {43, 30}
119. V1 NoLeak ~LowTemp ReactorUnitSafe ~NoLeakH1 {43, 36}
120. ~okH1 V1 NoLeak {44, 36}
121. ~okH2 V1 ~LowTemp ReactorUnitSafe NoLeakH1 {49, 9}
122. okH2 V1 V2 ~LowTemp ReactorUnitSafe NoLeakH1 {49, 10}
123. V1 V2 ~LowTemp ReactorUnitSafe NoLeakH1 {49, 18}
124. okH2 V1 ~LowTemp ReactorUnitSafe NoLeakH1 {49, 19}
125. ~okH2 V1 ~LowTemp ReactorUnitSafe ~NoLeakH2 {49, 23}
126. okH2 V1 V2 ~LowTemp ReactorUnitSafe ~NoLeakH2 {49, 24}
127. V1 ~LowTemp ReactorUnitSafe NoLeakH1 {49, 37}
128. V1 V2 ~LowTemp ReactorUnitSafe ~NoLeakH2 {49, 39}
129. okH2 V1 ~LowTemp ReactorUnitSafe ~NoLeakH2 {49, 43}
130. ~okH1 V2 ~LowTemp ReactorUnitSafe NoLeakH2 {50, 10}
131. ~okH1 ~LowTemp ReactorUnitSafe NoLeakH2 {50, 19}
132. ~okH1 V2 ~LowTemp ReactorUnitSafe ~NoLeakH1 {50, 24}
133. ~okH1 V2 NoLeak ~LowTemp ReactorUnitSafe {50, 29}
134. ~okH2 V1 NoLeak ~LowTemp ReactorUnitSafe {50, 30}
135. ~okH2 V1 V2 NoLeak ~LowTemp ReactorUnitSafe {50, 41}
136. ~okH1 ~LowTemp ReactorUnitSafe ~NoLeakH1 {50, 43}
137. ~okH1 NoLeak ~LowTemp ReactorUnitSafe {50, 44}
138. ~okH1 V1 V2 NoLeak ~LowTemp ReactorUnitSafe {50, 48}
139. okH2 V1 V2 NoLeak ~LowTemp ReactorUnitSafe {51, 31}
140. V1 V2 NoLeak ~LowTemp ReactorUnitSafe {52, 18}
141. okH2 V1 NoLeak ~LowTemp ReactorUnitSafe {52, 19}
142. V1 NoLeak ~LowTemp ReactorUnitSafe {52, 37}
143. ~okH1 V1 NoLeak ~LowTemp ReactorUnitSafe {54, 36}
144. okH1 V1 V2 ~LowTemp ReactorUnitSafe NoLeakH2 {55, 10}
145. okH1 V1 ~LowTemp ReactorUnitSafe NoLeakH2 {55, 19}
146. okH1 V1 V2 ~LowTemp ReactorUnitSafe ~NoLeakH1 {55, 24}
147. okH1 V1 V2 NoLeak ~LowTemp ReactorUnitSafe {55, 31}
148. okH1 V1 ~LowTemp ReactorUnitSafe ~NoLeakH1 {55, 43}
149. okH1 V1 NoLeak ~LowTemp ReactorUnitSafe {55, 45}
150. ~okH2 V1 V2 ~LowTemp ReactorUnitSafe {55, 53}
151. V2 ~LowTemp ReactorUnitSafe NoLeakH2 {59, 13}
152. V1 V2 ~LowTemp ReactorUnitSafe NoLeakH2 {59, 16}
153. V1 V2 ~LowTemp ReactorUnitSafe ~NoLeakH1 {59, 33}
154. ~LowTemp ReactorUnitSafe NoLeakH2 {60, 19}
155. V2 NoLeak ~LowTemp ReactorUnitSafe {60, 47}
156. V1 ~LowTemp ReactorUnitSafe NoLeakH2 {61, 19}
157. V1 ~LowTemp ReactorUnitSafe ~NoLeakH1 {61, 43}
158. ~okH1 V1 V2 ~LowTemp ReactorUnitSafe {61, 51}
159. ~okH1 V1 ~LowTemp ReactorUnitSafe {61, 54}
160. NoLeak ~LowTemp ReactorUnitSafe {67, 60}
161. V1 V2 NoLeak NoLeakH1 NoLeakH2 {70, 10}
162. V1 NoLeak NoLeakH1 NoLeakH2 {70, 19}
163. ~okH1 V1 V2 NoLeak NoLeakH1 {70, 29}
164. okH1 V1 V2 NoLeak NoLeakH1 {70, 31}
165. ~okH2 V1 V2 NoLeak NoLeakH2 {70, 34}
166. ~okH1 V1 NoLeak NoLeakH1 {70, 44}
167. okH1 V1 NoLeak NoLeakH1 {70, 45}
168. ~okH2 V1 NoLeak NoLeakH2 {70, 46}
169. ~okH1 V1 V2 NoLeak ~LowTemp ReactorUnitSafe NoLeakH1 {70, 51}
170. ~okH1 V1 NoLeak ~LowTemp ReactorUnitSafe NoLeakH1 {70, 54}
171. okH1 V1 V2 NoLeak ~LowTemp ReactorUnitSafe NoLeakH1 {70, 56}
172. okH1 V1 NoLeak ~LowTemp ReactorUnitSafe NoLeakH1 {70, 58}
173. ~okH2 V1 V2 NoLeak ~LowTemp ReactorUnitSafe NoLeakH2 {70, 59}
174. ~okH2 V1 NoLeak ~LowTemp ReactorUnitSafe NoLeakH2 {70, 62}
175. V1 V2 NoLeak ~LowTemp ReactorUnitSafe NoLeakH1 {70, 64}
176. V1 NoLeak ~LowTemp ReactorUnitSafe NoLeakH1 {70, 69}
177. okH2 V1 V2 NoLeak NoLeakH2 {71, 34}
178. okH2 V1 V2 NoLeak ~LowTemp ReactorUnitSafe NoLeakH2 {71, 59}
179. V1 V2 NoLeak ~NoLeakH1 ~NoLeakH2 {72, 20}
180. V1 V2 NoLeak ~LowTemp ReactorUnitSafe ~NoLeakH1 ~NoLeakH2 {72, 24}
181. ~okH1 V1 V2 NoLeak ~NoLeakH2 {72, 29}
182. okH1 V1 V2 NoLeak ~NoLeakH2 {72, 31}
183. ~okH2 V1 V2 NoLeak ~NoLeakH1 {72, 34}
184. V1 NoLeak ~NoLeakH1 ~NoLeakH2 {72, 42}
185. V1 NoLeak ~LowTemp ReactorUnitSafe ~NoLeakH1 ~NoLeakH2 {72, 43}
186. ~okH1 V1 NoLeak ~NoLeakH2 {72, 44}
187. ~okH2 V1 NoLeak ~NoLeakH1 {72, 46}
188. ~okH1 V1 V2 NoLeak ~LowTemp ReactorUnitSafe ~NoLeakH2 {72, 51}
189. ~okH1 V1 NoLeak ~LowTemp ReactorUnitSafe ~NoLeakH2 {72, 54}
190. okH1 V1 V2 NoLeak ~LowTemp ReactorUnitSafe ~NoLeakH2 {72, 56}
191. okH1 V1 NoLeak ~LowTemp ReactorUnitSafe ~NoLeakH2 {72, 58}
192. ~okH2 V1 V2 NoLeak ~LowTemp ReactorUnitSafe ~NoLeakH1 {72, 59}
193. ~okH2 V1 NoLeak ~LowTemp ReactorUnitSafe ~NoLeakH1 {72, 62}
194. V1 V2 NoLeak NoLeakH1 ~NoLeakH2 {72, 71}
195. V1 V2 NoLeak ~LowTemp ReactorUnitSafe NoLeakH2 {73, 59}
196. okH2 V1 NoLeak NoLeakH2 {74, 46}
197. okH2 V1 NoLeak ~LowTemp ReactorUnitSafe NoLeakH2 {74, 62}
198. okH2 V1 V2 NoLeak ~NoLeakH1 {75, 34}
199. okH2 V1 V2 NoLeak ~LowTemp ReactorUnitSafe ~NoLeakH1 {75, 59}
200. V1 V2 NoLeak ~LowTemp ReactorUnitSafe NoLeakH1 ~NoLeakH2 {76, 71}
201. V1 NoLeak ~LowTemp ReactorUnitSafe NoLeakH1 ~NoLeakH2 {76, 74}
202. ~okH2 ~okH1 V1 V2 NoLeak {78, 72}
203. okH2 ~okH1 V1 V2 NoLeak {78, 75}
204. ~okH2 ~okH1 V1 V2 NoLeak ~LowTemp ReactorUnitSafe {78, 76}
205. okH2 ~okH1 V1 V2 NoLeak ~LowTemp ReactorUnitSafe {78, 77}
206. ~okH2 ~okH1 V1 NoLeak {79, 72}
207. ~okH2 ~okH1 V1 NoLeak ~LowTemp ReactorUnitSafe {79, 76}
208. ~okH2 okH1 V1 V2 NoLeak {82, 72}
209. ~okH2 okH1 V1 V2 NoLeak ~LowTemp ReactorUnitSafe {82, 76}
210. okH2 okH1 V1 V2 NoLeak ~LowTemp ReactorUnitSafe {82, 77}
211. V1 V2 NoLeak ~NoLeakH1 NoLeakH2 {82, 80}
212. V1 V2 NoLeak ~LowTemp ReactorUnitSafe ~NoLeakH1 NoLeakH2 {82, 81}
213. ~okH2 okH1 V1 NoLeak ~LowTemp ReactorUnitSafe {83, 76}
214. V1 NoLeak ~LowTemp ReactorUnitSafe NoLeakH2 {101, 83}
215. okH2 V1 NoLeak ~NoLeakH1 {112, 46}
216. okH2 V1 NoLeak ~LowTemp ReactorUnitSafe ~NoLeakH1 {112, 62}
217. okH2 ~okH1 V1 NoLeak {112, 79}
218. V1 NoLeak ~NoLeakH1 NoLeakH2 {113, 83}
219. okH2 ~okH1 V1 NoLeak ~LowTemp ReactorUnitSafe {116, 79}
220. okH2 okH1 V1 NoLeak ~LowTemp ReactorUnitSafe {116, 83}
221. V1 NoLeak ~LowTemp ReactorUnitSafe ~NoLeakH1 NoLeakH2 {117, 83}
222. V1 V2 ~LowTemp ReactorUnitSafe NoLeakH1 NoLeakH2 {121, 10}
223. V1 ~LowTemp ReactorUnitSafe NoLeakH1 NoLeakH2 {121, 19}
224. ~okH1 V1 V2 ~LowTemp ReactorUnitSafe NoLeakH1 {121, 51}
225. ~okH1 V1 ~LowTemp ReactorUnitSafe NoLeakH1 {121, 54}
226. okH1 V1 V2 ~LowTemp ReactorUnitSafe NoLeakH1 {121, 56}
227. okH1 V1 ~LowTemp ReactorUnitSafe NoLeakH1 {121, 58}
228. ~okH2 V1 V2 ~LowTemp ReactorUnitSafe NoLeakH2 {121, 59}
229. ~okH2 V1 ~LowTemp ReactorUnitSafe NoLeakH2 {121, 62}
230. okH2 V1 V2 ~LowTemp ReactorUnitSafe NoLeakH2 {122, 59}
231. okH2 V1 ~LowTemp ReactorUnitSafe NoLeakH2 {124, 62}
232. V1 V2 ~LowTemp ReactorUnitSafe ~NoLeakH1 ~NoLeakH2 {125, 24}
233. V1 ~LowTemp ReactorUnitSafe ~NoLeakH1 ~NoLeakH2 {125, 43}
234. ~okH1 V1 V2 ~LowTemp ReactorUnitSafe ~NoLeakH2 {125, 51}
235. ~okH1 V1 ~LowTemp ReactorUnitSafe ~NoLeakH2 {125, 54}
236. okH1 V1 V2 ~LowTemp ReactorUnitSafe ~NoLeakH2 {125, 56}
237. ~okH2 V1 V2 ~LowTemp ReactorUnitSafe ~NoLeakH1 {125, 59}
238. ~okH2 V1 ~LowTemp ReactorUnitSafe ~NoLeakH1 {125, 62}
239. V1 V2 ~LowTemp ReactorUnitSafe NoLeakH1 ~NoLeakH2 {125, 122}
240. okH2 V1 V2 ~LowTemp ReactorUnitSafe ~NoLeakH1 {126, 59}
241. okH2 V1 ~LowTemp ReactorUnitSafe ~NoLeakH1 {129, 62}
242. ~okH2 ~okH1 V1 V2 ~LowTemp ReactorUnitSafe {130, 125}
243. okH2 ~okH1 V1 V2 ~LowTemp ReactorUnitSafe {130, 126}
244. ~okH2 ~okH1 V1 ~LowTemp ReactorUnitSafe {131, 125}
245. okH2 ~okH1 V1 ~LowTemp ReactorUnitSafe {131, 129}
246. ~okH2 okH1 V1 V2 ~LowTemp ReactorUnitSafe {144, 125}
247. V1 V2 ~LowTemp ReactorUnitSafe ~NoLeakH1 NoLeakH2 {144, 132}
248. V1 ~LowTemp ReactorUnitSafe ~NoLeakH1 NoLeakH2 {145, 136}
249. ~okH2 V1 V2 NoLeak NoLeakH1 {161, 72}
250. ~okH2 V1 V2 NoLeak ~LowTemp ReactorUnitSafe NoLeakH1 {161, 76}
251. okH2 V1 V2 NoLeak ~LowTemp ReactorUnitSafe NoLeakH1 {161, 77}
252. ~okH1 V1 V2 NoLeak NoLeakH2 {161, 80}
253. ~okH1 V1 V2 NoLeak ~LowTemp ReactorUnitSafe NoLeakH2 {161, 81}
254. okH1 V1 V2 NoLeak ~LowTemp ReactorUnitSafe NoLeakH2 {161, 85}
255. ~okH2 V1 NoLeak ~LowTemp ReactorUnitSafe NoLeakH1 {162, 76}
256. ~okH1 V1 NoLeak NoLeakH2 {162, 113}
257. okH2 V1 NoLeak ~LowTemp ReactorUnitSafe NoLeakH1 {162, 116}
258. ~okH1 V1 NoLeak ~LowTemp ReactorUnitSafe NoLeakH2 {162, 117}
259. okH1 V1 NoLeak ~LowTemp ReactorUnitSafe NoLeakH2 {162, 118}
260. V1 V2 NoLeak ~LowTemp ReactorUnitSafe NoLeakH1 NoLeakH2 {163, 144}
261. V1 NoLeak ~LowTemp ReactorUnitSafe NoLeakH1 NoLeakH2 {166, 145}
262. ~okH2 V1 V2 NoLeak ~NoLeakH2 {179, 70}
263. ~okH1 V1 V2 NoLeak ~NoLeakH1 {179, 78}
264. ~okH2 V1 V2 NoLeak ~LowTemp ReactorUnitSafe ~NoLeakH2 {179, 121}
265. ~okH1 V1 V2 NoLeak ~LowTemp ReactorUnitSafe ~NoLeakH1 {179, 130}
266. ~okH1 V1 NoLeak ~NoLeakH1 {184, 79}
267. ~okH1 V1 NoLeak ~LowTemp ReactorUnitSafe ~NoLeakH1 {184, 131}
268. ~okH2 V1 V2 ~LowTemp ReactorUnitSafe NoLeakH1 {222, 125}
269. ~okH1 V1 V2 ~LowTemp ReactorUnitSafe NoLeakH2 {222, 132}
270. ~okH1 V1 ~LowTemp ReactorUnitSafe NoLeakH2 {223, 136}
271. ~okH2 V1 V2 ~LowTemp ReactorUnitSafe ~NoLeakH2 {232, 121}
272. ~okH1 V1 V2 ~LowTemp ReactorUnitSafe ~NoLeakH1 {232, 130}
273. ~okH1 V1 ~LowTemp ReactorUnitSafe ~NoLeakH1 {233, 131}
