1. ~NoLeak ~LowTemp ReactorUnitSafe ~NoLeakH1 ~NoLeakH2 okH1 okH2 l V1 V2 {}
2. ~NoLeak ~LowTemp ReactorUnitSafe {}
3. NoLeak ~NoLeakH1 ~NoLeakH2 {}
4. NoLeakH1 ~okH1 {}
5. NoLeakH1 okH1 V1 {}
6. NoLeakH2 ~okH2 {}
7. NoLeakH2 okH2 V2 {}
8. LowTemp ~l ~V1 ~V2 {}
9. LowTemp l ~V1 {}
10. LowTemp l ~V2 {}
11. ~l {}
12. ~okH2 {}
13. okH1 {}
14. V1 {}
15. ~V2 {}
16. ~LowTemp {}
17. ~LowTemp ReactorUnitSafe ~NoLeakH1 ~NoLeakH2 okH1 okH2 l V1 V2 {3, 1}
18. ~LowTemp ReactorUnitSafe ~NoLeakH1 ~NoLeakH2 {3, 2}
19. NoLeak ~NoLeakH2 ~okH1 {4, 3}
20. ~NoLeak ~LowTemp ReactorUnitSafe ~NoLeakH2 okH1 okH2 l V1 V2 {5, 1}
21. NoLeak ~NoLeakH2 okH1 V1 {5, 3}
22. NoLeakH1 V1 {5, 4}
23. NoLeak ~NoLeakH1 ~okH2 {6, 3}
24. ~NoLeak ~LowTemp ReactorUnitSafe ~NoLeakH1 okH1 okH2 l V1 V2 {7, 1}
25. NoLeak ~NoLeakH1 okH2 V2 {7, 3}
26. NoLeakH2 V2 {7, 6}
27. ~NoLeak ReactorUnitSafe ~l ~V1 ~V2 {8, 2}
28. LowTemp NoLeakH1 okH1 ~l ~V2 {8, 5}
29. LowTemp NoLeakH2 okH2 ~l ~V1 {8, 7}
30. ~NoLeak ReactorUnitSafe l ~V1 {9, 2}
31. LowTemp NoLeakH1 okH1 l {9, 5}
32. LowTemp ~V1 ~V2 {9, 8}
33. ~NoLeak ReactorUnitSafe l ~V2 {10, 2}
34. LowTemp NoLeakH2 okH2 l {10, 7}
35. ~NoLeak ~LowTemp ReactorUnitSafe ~NoLeakH1 ~NoLeakH2 okH1 okH2 V1 V2 {11, 1}
36. LowTemp ~V1 {11, 9}
37. LowTemp ~V2 {11, 10}
38. ~NoLeak ~LowTemp ReactorUnitSafe ~NoLeakH1 ~NoLeakH2 okH1 l V1 V2 {12, 1}
39. NoLeakH1 {13, 4}
40. LowTemp ~l ~V2 {14, 8}
41. LowTemp l {14, 9}
42. ~NoLeak ~LowTemp ReactorUnitSafe ~NoLeakH1 ~NoLeakH2 okH1 okH2 l V1 {15, 1}
43. NoLeakH2 okH2 {15, 7}
44. ~l ~V1 ~V2 {16, 8}
45. l ~V1 {16, 9}
46. l ~V2 {16, 10}
47. ~LowTemp ReactorUnitSafe ~NoLeakH2 okH1 okH2 l V1 V2 {17, 5}
48. ~LowTemp ReactorUnitSafe ~NoLeakH1 okH1 okH2 l V1 V2 {17, 7}
49. ~LowTemp ReactorUnitSafe ~NoLeakH1 ~NoLeakH2 okH1 okH2 V1 V2 {17, 11}
50. ~LowTemp ReactorUnitSafe ~NoLeakH1 ~NoLeakH2 okH1 l V1 V2 {17, 12}
51. ~LowTemp ReactorUnitSafe ~NoLeakH1 ~NoLeakH2 okH1 okH2 l V1 {17, 15}
52. ~LowTemp ReactorUnitSafe ~NoLeakH2 ~okH1 {18, 4}
53. ~LowTemp ReactorUnitSafe ~NoLeakH2 okH1 V1 {18, 5}
54. ~LowTemp ReactorUnitSafe ~NoLeakH1 ~okH2 {18, 6}
55. ~LowTemp ReactorUnitSafe ~NoLeakH1 okH2 V2 {18, 7}
56. ReactorUnitSafe ~NoLeakH1 ~NoLeakH2 ~l ~V1 ~V2 {18, 8}
57. ReactorUnitSafe ~NoLeakH1 ~NoLeakH2 l ~V1 {18, 9}
58. ReactorUnitSafe ~NoLeakH1 ~NoLeakH2 l ~V2 {18, 10}
59. NoLeak NoLeakH1 ~NoLeakH2 V1 {19, 5}
60. NoLeak ~okH1 ~okH2 {19, 6}
61. NoLeak ~okH1 okH2 V2 {19, 7}
62. NoLeak ~NoLeakH2 {19, 13}
63. NoLeak ~LowTemp ReactorUnitSafe ~NoLeakH1 ~NoLeakH2 okH2 l V1 V2 {19, 17}
64. ~NoLeak ~LowTemp ReactorUnitSafe NoLeakH1 ~NoLeakH2 okH2 l V1 V2 {20, 4}
65. ~NoLeak ~LowTemp ReactorUnitSafe okH1 okH2 l V1 V2 {20, 7}
66. ~NoLeak ~LowTemp ReactorUnitSafe ~NoLeakH2 okH1 okH2 V1 V2 {20, 11}
67. ~NoLeak ~LowTemp ReactorUnitSafe ~NoLeakH2 okH1 l V1 V2 {20, 12}
68. ~NoLeak ~LowTemp ReactorUnitSafe ~NoLeakH2 okH1 okH2 l V1 {20, 15}
69. NoLeak okH1 ~okH2 V1 {21, 6}
70. NoLeak okH1 okH2 V1 V2 {21, 7}
71. NoLeak LowTemp ~NoLeakH2 okH1 ~l ~V2 {21, 8}
72. NoLeak LowTemp ~NoLeakH2 okH1 l {21, 9}
73. NoLeak ~NoLeakH2 V1 {21, 19}
74. LowTemp NoLeakH1 ~l ~V2 {22, 8}
75. LowTemp NoLeakH1 l {22, 9}
76. ~LowTemp ReactorUnitSafe ~NoLeakH2 V1 {22, 18}
77. NoLeak ~NoLeakH1 NoLeakH2 V2 {23, 7}
78. NoLeak ~LowTemp ReactorUnitSafe ~NoLeakH1 ~NoLeakH2 okH1 l V1 V2 {23, 17}
79. NoLeak ~okH2 V1 {23, 22}
80. ~NoLeak ~LowTemp ReactorUnitSafe ~NoLeakH1 NoLeakH2 okH1 l V1 V2 {24, 6}
81. ~NoLeak ~LowTemp ReactorUnitSafe ~NoLeakH1 okH1 okH2 V1 V2 {24, 11}
82. ~NoLeak ~LowTemp ReactorUnitSafe ~NoLeakH1 okH1 l V1 V2 {24, 12}
83. ~NoLeak ~LowTemp ReactorUnitSafe ~NoLeakH1 okH1 okH2 l V1 {24, 15}
84. NoLeak LowTemp ~NoLeakH1 okH2 ~l ~V1 {25, 8}
85. NoLeak LowTemp ~NoLeakH1 okH2 l {25, 10}
86. NoLeak ~NoLeakH1 V2 {25, 12}
87. NoLeak ~NoLeakH1 okH2 {25, 15}
88. NoLeak okH2 V1 V2 {25, 22}
89. LowTemp NoLeakH2 ~l ~V1 {26, 8}
90. LowTemp NoLeakH2 l {26, 10}
91. NoLeakH2 {26, 15}
92. ~LowTemp ReactorUnitSafe ~NoLeakH1 V2 {26, 18}
93. NoLeak ~okH1 V2 {26, 19}
94. NoLeak okH1 V1 V2 {26, 21}
95. ~NoLeak ReactorUnitSafe NoLeakH1 okH1 ~l ~V2 {27, 5}
96. ~NoLeak ReactorUnitSafe NoLeakH2 okH2 ~l ~V1 {27, 7}
97. ~NoLeak LowTemp ReactorUnitSafe ~V1 ~V2 {27, 9}
98. ~NoLeak ReactorUnitSafe ~l ~V2 {27, 14}
99. ReactorUnitSafe ~NoLeakH2 ~okH1 ~l ~V1 ~V2 {27, 19}
100. ~NoLeak ReactorUnitSafe NoLeakH1 ~l ~V2 {27, 22}
101. ReactorUnitSafe ~NoLeakH1 ~okH2 ~l ~V1 ~V2 {27, 23}
102. ~NoLeak ReactorUnitSafe NoLeakH2 ~l ~V1 {27, 26}
103. LowTemp NoLeakH1 NoLeakH2 okH1 okH2 ~l {28, 7}
104. LowTemp NoLeakH1 okH1 ~V1 ~V2 {28, 9}
105. LowTemp NoLeakH1 okH1 ~V2 {28, 10}
106. NoLeakH1 okH1 ~l ~V2 {28, 16}
107. NoLeak LowTemp NoLeakH1 ~NoLeakH2 ~l ~V2 {28, 19}
108. NoLeak LowTemp okH1 ~okH2 ~l ~V2 {28, 23}
109. LowTemp NoLeakH1 NoLeakH2 okH1 ~l {28, 26}
110. LowTemp NoLeakH2 okH2 ~V1 {29, 9}
111. LowTemp NoLeakH2 okH2 ~V1 ~V2 {29, 10}
112. LowTemp NoLeakH2 okH2 ~l {29, 14}
113. NoLeakH2 okH2 ~l ~V1 {29, 16}
114. NoLeak LowTemp ~okH1 okH2 ~l ~V1 {29, 19}
115. LowTemp NoLeakH1 NoLeakH2 okH2 ~l {29, 22}
116. NoLeak LowTemp ~NoLeakH1 NoLeakH2 ~l ~V1 {29, 23}
117. ~NoLeak ~LowTemp ReactorUnitSafe ~NoLeakH1 ~NoLeakH2 okH1 okH2 l V2 {30, 1}
118. ~NoLeak ReactorUnitSafe NoLeakH1 okH1 l {30, 5}
119. ~NoLeak ReactorUnitSafe ~V1 {30, 11}
120. ~NoLeak ReactorUnitSafe l {30, 14}
121. ReactorUnitSafe ~NoLeakH2 ~okH1 l ~V1 {30, 19}
122. ~NoLeak ~LowTemp ReactorUnitSafe ~NoLeakH2 okH1 okH2 l V2 {30, 20}
123. ~NoLeak ReactorUnitSafe NoLeakH1 l {30, 22}
124. ReactorUnitSafe ~NoLeakH1 ~okH2 l ~V1 {30, 23}
125. ~NoLeak ~LowTemp ReactorUnitSafe ~NoLeakH1 okH1 okH2 l V2 {30, 24}
126. ReactorUnitSafe ~NoLeakH1 okH2 l ~V1 V2 {30, 25}
127. ~NoLeak ReactorUnitSafe ~V1 ~V2 {30, 27}
128. ~NoLeak LowTemp ReactorUnitSafe NoLeakH1 okH1 ~V1 ~V2 {30, 28}
129. ~NoLeak LowTemp ReactorUnitSafe NoLeakH2 okH2 ~V1 {30, 29}
130. LowTemp NoLeakH1 okH1 {31, 11}
131. NoLeakH1 okH1 l {31, 16}
132. NoLeak LowTemp NoLeakH1 ~NoLeakH2 l {31, 19}
133. ~NoLeak ReactorUnitSafe NoLeakH1 ~NoLeakH2 okH1 okH2 l V1 V2 {31, 20}
134. NoLeak LowTemp okH1 ~okH2 l {31, 23}
135. NoLeak LowTemp okH1 okH2 l V2 {31, 25}
136. LowTemp NoLeakH1 NoLeakH2 okH1 okH2 ~V1 {31, 29}
137. ~V1 ~V2 {32, 16}
138. ReactorUnitSafe ~NoLeakH1 ~NoLeakH2 ~V1 ~V2 {32, 18}
139. NoLeak LowTemp ~NoLeakH2 okH1 ~V2 {32, 21}
140. LowTemp NoLeakH1 ~V2 {32, 22}
141. NoLeak LowTemp ~NoLeakH1 okH2 ~V1 {32, 25}
142. LowTemp NoLeakH2 ~V1 {32, 26}
143. ~NoLeak ReactorUnitSafe NoLeakH2 okH2 l {33, 7}
144. ~NoLeak ReactorUnitSafe ~V2 {33, 11}
145. ReactorUnitSafe ~NoLeakH2 ~okH1 l ~V2 {33, 19}
146. ReactorUnitSafe ~NoLeakH2 okH1 l V1 ~V2 {33, 21}
147. ReactorUnitSafe ~NoLeakH1 ~okH2 l ~V2 {33, 23}
148. ~NoLeak ReactorUnitSafe NoLeakH2 l {33, 26}
149. ~NoLeak LowTemp ReactorUnitSafe NoLeakH1 okH1 ~V2 {33, 28}
150. ~NoLeak LowTemp ReactorUnitSafe NoLeakH2 okH2 ~V1 ~V2 {33, 29}
151. LowTemp NoLeakH2 okH2 {34, 11}
152. NoLeakH2 okH2 l {34, 16}
153. NoLeak LowTemp ~okH1 okH2 l {34, 19}
154. NoLeak LowTemp okH1 okH2 l V1 {34, 21}
155. NoLeak LowTemp ~NoLeakH1 NoLeakH2 l {34, 23}
156. ~NoLeak ReactorUnitSafe ~NoLeakH1 NoLeakH2 okH1 okH2 l V1 V2 {34, 24}
157. LowTemp NoLeakH1 NoLeakH2 okH1 okH2 ~V2 {34, 28}
158. ~NoLeak ~LowTemp ReactorUnitSafe ~NoLeakH1 ~NoLeakH2 okH1 V1 V2 {35, 12}
159. ~NoLeak ~LowTemp ReactorUnitSafe ~NoLeakH1 ~NoLeakH2 okH1 okH2 V1 {35, 15}
160. LowTemp {36, 14}
161. ~V1 {36, 16}
162. ReactorUnitSafe ~NoLeakH1 ~NoLeakH2 ~V1 {36, 18}
163. NoLeak LowTemp ~NoLeakH2 okH1 {36, 21}
164. LowTemp NoLeakH1 {36, 22}
165. ReactorUnitSafe ~NoLeakH1 ~NoLeakH2 ~V2 {37, 18}
166. NoLeak LowTemp ~NoLeakH1 okH2 {37, 25}
167. LowTemp NoLeakH2 {37, 26}
168. ~NoLeak ~LowTemp ReactorUnitSafe ~NoLeakH1 okH1 ~okH2 l V1 V2 {38, 6}
169. ~NoLeak ~LowTemp ReactorUnitSafe ~NoLeakH1 ~NoLeakH2 okH1 l V1 {38, 15}
170. ~LowTemp ReactorUnitSafe ~NoLeakH1 ~NoLeakH2 okH1 ~okH2 l V1 V2 {38, 23}
171. ~NoLeak ~LowTemp ReactorUnitSafe ~NoLeakH1 ~NoLeakH2 okH1 l V2 {38, 30}
172. ~LowTemp ReactorUnitSafe ~NoLeakH2 {39, 18}
173. NoLeak ~okH2 {39, 23}
174. NoLeak okH2 V2 {39, 25}
175. ~l ~V2 {40, 16}
176. ReactorUnitSafe ~NoLeakH1 ~NoLeakH2 ~l ~V2 {40, 18}
177. NoLeak LowTemp ~NoLeakH1 okH2 ~l {40, 25}
178. LowTemp NoLeakH2 ~l {40, 26}
179. ~NoLeak LowTemp ReactorUnitSafe ~V2 {40, 33}
180. LowTemp NoLeakH2 okH2 ~V2 {40, 34}
181. ~NoLeak ReactorUnitSafe ~NoLeakH1 ~NoLeakH2 okH1 okH2 l V1 V2 {41, 1}
182. l {41, 16}
183. ReactorUnitSafe ~NoLeakH1 ~NoLeakH2 okH1 okH2 l V1 V2 {41, 17}
184. ReactorUnitSafe ~NoLeakH1 ~NoLeakH2 l {41, 18}
185. ~NoLeak ReactorUnitSafe ~NoLeakH2 okH1 okH2 l V1 V2 {41, 20}
186. ~NoLeak ReactorUnitSafe ~NoLeakH1 okH1 okH2 l V1 V2 {41, 24}
187. ~NoLeak ReactorUnitSafe ~NoLeakH1 ~NoLeakH2 okH1 l V1 V2 {41, 38}
188. ~NoLeak ReactorUnitSafe ~NoLeakH1 ~NoLeakH2 okH1 okH2 l V1 ~V2 {42, 10}
189. ~NoLeak ~LowTemp ReactorUnitSafe ~NoLeakH1 ~NoLeakH2 okH1 okH2 l {42, 30}
190. ~NoLeak ReactorUnitSafe ~NoLeakH1 ~NoLeakH2 okH1 okH2 l V1 {42, 41}
191. ~LowTemp ReactorUnitSafe ~NoLeakH1 okH2 {43, 18}
192. NoLeak ~okH1 okH2 {43, 19}
193. NoLeak okH1 okH2 V1 {43, 21}
194. NoLeak ~NoLeakH1 NoLeakH2 {43, 23}
195. NoLeak ~NoLeakH2 okH1 ~l ~V2 {44, 21}
196. NoLeakH1 ~l ~V2 {44, 22}
197. NoLeak ~NoLeakH1 okH2 ~l ~V1 {44, 25}
198. NoLeakH2 ~l ~V1 {44, 26}
199. ~LowTemp ReactorUnitSafe ~NoLeakH1 ~NoLeakH2 okH1 okH2 l V2 {45, 17}
200. NoLeak ~NoLeakH2 okH1 l {45, 21}
201. NoLeakH1 l {45, 22}
202. NoLeak ~NoLeakH1 okH2 l {46, 25}
203. NoLeakH2 l {46, 26}
204. ~LowTemp ReactorUnitSafe NoLeakH1 ~NoLeakH2 okH2 l V1 V2 {47, 4}
205. ~LowTemp ReactorUnitSafe okH1 okH2 l V1 V2 {47, 7}
206. ~LowTemp ReactorUnitSafe ~NoLeakH2 okH1 okH2 V1 V2 {47, 11}
207. ~LowTemp ReactorUnitSafe ~NoLeakH2 okH1 l V1 V2 {47, 12}
208. ~LowTemp ReactorUnitSafe ~NoLeakH2 okH1 okH2 l V1 {47, 15}
209. NoLeak ~LowTemp ReactorUnitSafe ~NoLeakH2 okH2 l V1 V2 {47, 19}
210. ReactorUnitSafe NoLeakH1 ~NoLeakH2 okH1 okH2 l V1 V2 {47, 31}
211. ReactorUnitSafe ~NoLeakH2 okH1 okH2 l V1 V2 {47, 41}
212. ~LowTemp ReactorUnitSafe ~NoLeakH2 okH1 okH2 l V2 {47, 45}
213. ~LowTemp ReactorUnitSafe ~NoLeakH1 NoLeakH2 okH1 l V1 V2 {48, 6}
214. ~LowTemp ReactorUnitSafe ~NoLeakH1 okH1 okH2 V1 V2 {48, 11}
215. ~LowTemp ReactorUnitSafe ~NoLeakH1 okH1 l V1 V2 {48, 12}
216. ~LowTemp ReactorUnitSafe ~NoLeakH1 okH1 okH2 l V1 {48, 15}
217. NoLeak ~LowTemp ReactorUnitSafe ~NoLeakH1 okH1 l V1 V2 {48, 23}
218. ReactorUnitSafe ~NoLeakH1 NoLeakH2 okH1 okH2 l V1 V2 {48, 34}
219. ReactorUnitSafe ~NoLeakH1 okH1 okH2 l V1 V2 {48, 41}
220. ~LowTemp ReactorUnitSafe ~NoLeakH1 okH1 okH2 l V2 {48, 45}
221. ~LowTemp ReactorUnitSafe ~NoLeakH1 ~NoLeakH2 okH1 V1 V2 {49, 12}
222. ~LowTemp ReactorUnitSafe ~NoLeakH1 ~NoLeakH2 okH1 okH2 V1 {49, 15}
223. NoLeak ~LowTemp ReactorUnitSafe ~NoLeakH1 ~NoLeakH2 okH2 V1 V2 {49, 19}
224. NoLeak ~LowTemp ReactorUnitSafe ~NoLeakH1 ~NoLeakH2 okH1 V1 V2 {49, 23}
225. ~LowTemp ReactorUnitSafe ~NoLeakH1 okH1 ~okH2 l V1 V2 {50, 6}
226. ~LowTemp ReactorUnitSafe ~NoLeakH1 ~NoLeakH2 okH1 l V1 {50, 15}
227. NoLeak ~LowTemp ReactorUnitSafe ~NoLeakH1 ~NoLeakH2 l V1 V2 {50, 19}
228. ReactorUnitSafe ~NoLeakH1 ~NoLeakH2 okH1 l V1 V2 {50, 41}
229. ~LowTemp ReactorUnitSafe ~NoLeakH1 ~NoLeakH2 okH1 l V2 {50, 45}
230. ReactorUnitSafe ~NoLeakH1 ~NoLeakH2 okH1 okH2 l V1 ~V2 {51, 10}
231. NoLeak ~LowTemp ReactorUnitSafe ~NoLeakH1 ~NoLeakH2 okH2 l V1 {51, 19}
232. NoLeak ~LowTemp ReactorUnitSafe ~NoLeakH1 ~NoLeakH2 okH1 l V1 {51, 23}
233. ReactorUnitSafe ~NoLeakH1 ~NoLeakH2 okH1 okH2 l V1 {51, 41}
234. ~LowTemp ReactorUnitSafe ~NoLeakH1 ~NoLeakH2 okH1 okH2 l {51, 45}
235. ~NoLeak ~LowTemp ReactorUnitSafe ~NoLeakH1 ~NoLeakH2 okH2 l V1 V2 {52, 1}
236. ~LowTemp ReactorUnitSafe NoLeakH1 ~NoLeakH2 V1 {52, 5}
237. ~LowTemp ReactorUnitSafe ~okH1 ~okH2 {52, 6}
238. ~LowTemp ReactorUnitSafe ~okH1 okH2 V2 {52, 7}
239. ~LowTemp ReactorUnitSafe ~NoLeakH1 ~NoLeakH2 okH2 l V1 V2 {52, 17}
240. ~NoLeak ~LowTemp ReactorUnitSafe ~NoLeakH2 okH2 l V1 V2 {52, 20}
241. NoLeak ~LowTemp ReactorUnitSafe ~NoLeakH2 V1 {52, 21}
242. ~LowTemp ReactorUnitSafe ~okH1 V2 {52, 26}
243. ReactorUnitSafe ~NoLeakH2 ~okH1 ~V1 ~V2 {52, 32}
244. ~NoLeak ~LowTemp ReactorUnitSafe ~NoLeakH1 ~NoLeakH2 okH2 V1 V2 {52, 35}
245. ReactorUnitSafe ~NoLeakH2 ~okH1 ~V1 {52, 36}
246. ReactorUnitSafe ~NoLeakH2 ~okH1 ~V2 {52, 37}
247. ~NoLeak ~LowTemp ReactorUnitSafe ~NoLeakH1 ~NoLeakH2 l V1 V2 {52, 38}
248. ReactorUnitSafe ~NoLeakH2 ~okH1 ~l ~V2 {52, 40}
249. ReactorUnitSafe ~NoLeakH2 ~okH1 l {52, 41}
250. ~NoLeak ~LowTemp ReactorUnitSafe ~NoLeakH1 ~NoLeakH2 okH2 l V1 {52, 42}
251. ~LowTemp ReactorUnitSafe ~okH1 okH2 {52, 43}
252. ~LowTemp ReactorUnitSafe ~NoLeakH2 okH2 l V1 V2 {52, 47}
253. ~LowTemp ReactorUnitSafe ~NoLeakH1 ~NoLeakH2 okH2 V1 V2 {52, 49}
254. ~LowTemp ReactorUnitSafe ~NoLeakH1 ~NoLeakH2 l V1 V2 {52, 50}
255. ~LowTemp ReactorUnitSafe ~NoLeakH1 ~NoLeakH2 okH2 l V1 {52, 51}
256. ~LowTemp ReactorUnitSafe okH1 ~okH2 V1 {53, 6}
257. ~LowTemp ReactorUnitSafe okH1 okH2 V1 V2 {53, 7}
258. ~LowTemp ReactorUnitSafe okH1 V1 V2 {53, 26}
259. ~NoLeak ~LowTemp ReactorUnitSafe ~NoLeakH2 okH1 ~l ~V2 {53, 27}
260. ReactorUnitSafe NoLeakH1 ~NoLeakH2 okH1 ~l V1 ~V2 {53, 28}
261. ~NoLeak ~LowTemp ReactorUnitSafe ~NoLeakH2 okH1 l {53, 30}
262. ReactorUnitSafe NoLeakH1 ~NoLeakH2 okH1 l V1 {53, 31}
263. ReactorUnitSafe ~NoLeakH2 okH1 V1 ~V2 {53, 37}
264. ReactorUnitSafe ~NoLeakH2 okH1 ~l V1 ~V2 {53, 40}
265. ReactorUnitSafe ~NoLeakH2 okH1 l V1 {53, 41}
266. ~LowTemp ReactorUnitSafe okH1 okH2 V1 {53, 43}
267. ~LowTemp ReactorUnitSafe ~NoLeakH2 okH1 ~l ~V2 {53, 44}
268. ~LowTemp ReactorUnitSafe ~NoLeakH2 okH1 l {53, 45}
269. ~LowTemp ReactorUnitSafe ~NoLeakH1 NoLeakH2 V2 {54, 7}
270. ~LowTemp ReactorUnitSafe ~okH2 V1 {54, 22}
271. NoLeak ~LowTemp ReactorUnitSafe ~NoLeakH1 V2 {54, 25}
272. ReactorUnitSafe ~NoLeakH1 ~okH2 ~V1 ~V2 {54, 32}
273. ReactorUnitSafe ~NoLeakH1 ~okH2 ~V1 {54, 36}
274. ReactorUnitSafe ~NoLeakH1 ~okH2 ~V2 {54, 37}
275. ~LowTemp ReactorUnitSafe ~okH2 {54, 39}
276. ReactorUnitSafe ~NoLeakH1 ~okH2 ~l ~V2 {54, 40}
277. ReactorUnitSafe ~NoLeakH1 ~okH2 l {54, 41}
278. ~LowTemp ReactorUnitSafe ~NoLeakH1 NoLeakH2 {54, 43}
279. ~LowTemp ReactorUnitSafe okH2 V1 V2 {55, 22}
280. ~NoLeak ~LowTemp ReactorUnitSafe ~NoLeakH1 okH2 ~l ~V1 {55, 27}
281. ReactorUnitSafe ~NoLeakH1 NoLeakH2 okH2 ~l ~V1 V2 {55, 29}
282. ~NoLeak ~LowTemp ReactorUnitSafe ~NoLeakH1 okH2 l {55, 33}
283. ReactorUnitSafe ~NoLeakH1 NoLeakH2 okH2 l V2 {55, 34}
284. ReactorUnitSafe ~NoLeakH1 okH2 ~V1 V2 {55, 36}
285. ~LowTemp ReactorUnitSafe okH2 V2 {55, 39}
286. ReactorUnitSafe ~NoLeakH1 okH2 l V2 {55, 41}
287. ~LowTemp ReactorUnitSafe ~NoLeakH1 okH2 ~l ~V1 {55, 44}
288. ~LowTemp ReactorUnitSafe ~NoLeakH1 okH2 l {55, 46}
289. LowTemp ReactorUnitSafe ~NoLeakH1 ~NoLeakH2 ~V1 ~V2 {56, 9}
290. NoLeak ReactorUnitSafe ~NoLeakH1 ~NoLeakH2 okH1 ~l ~V2 {56, 21}
291. NoLeak ReactorUnitSafe ~NoLeakH1 ~NoLeakH2 okH2 ~l ~V1 {56, 25}
292. LowTemp ReactorUnitSafe ~NoLeakH2 okH1 ~l ~V1 ~V2 {56, 28}
293. LowTemp ReactorUnitSafe ~NoLeakH1 okH2 ~l ~V1 ~V2 {56, 29}
294. ~NoLeak ReactorUnitSafe ~NoLeakH1 ~NoLeakH2 ~V1 ~V2 {56, 30}
295. ReactorUnitSafe ~NoLeakH2 ~l ~V1 ~V2 {56, 39}
296. ReactorUnitSafe ~NoLeakH1 okH2 ~l ~V1 ~V2 {56, 43}
297. ~LowTemp ReactorUnitSafe ~NoLeakH1 ~NoLeakH2 okH1 ~l ~V2 {56, 53}
298. ~LowTemp ReactorUnitSafe ~NoLeakH1 ~NoLeakH2 okH2 ~l ~V1 {56, 55}
299. NoLeak ReactorUnitSafe ~NoLeakH1 ~NoLeakH2 okH1 l {57, 21}
300. ReactorUnitSafe ~NoLeakH1 l ~V1 V2 {57, 26}
301. LowTemp ReactorUnitSafe ~NoLeakH2 okH1 l ~V1 {57, 31}
302. LowTemp ReactorUnitSafe ~NoLeakH1 okH2 l ~V1 {57, 34}
303. ReactorUnitSafe ~NoLeakH2 l ~V1 {57, 39}
304. ReactorUnitSafe ~NoLeakH1 okH2 l ~V1 {57, 43}
305. ~LowTemp ReactorUnitSafe ~NoLeakH1 ~NoLeakH2 okH1 l {57, 53}
306. ReactorUnitSafe ~NoLeakH2 l V1 ~V2 {58, 22}
307. NoLeak ReactorUnitSafe ~NoLeakH1 ~NoLeakH2 okH2 l {58, 25}
308. LowTemp ReactorUnitSafe ~NoLeakH2 okH1 l ~V2 {58, 31}
309. LowTemp ReactorUnitSafe ~NoLeakH1 okH2 l ~V2 {58, 34}
310. ReactorUnitSafe ~NoLeakH2 l ~V2 {58, 39}
311. LowTemp ReactorUnitSafe ~NoLeakH1 ~NoLeakH2 ~V2 {58, 40}
312. ReactorUnitSafe ~NoLeakH1 okH2 l ~V2 {58, 43}
313. ~LowTemp ReactorUnitSafe ~NoLeakH1 ~NoLeakH2 okH2 l {58, 55}
314. NoLeak NoLeakH1 ~okH2 V1 {59, 6}
315. NoLeak NoLeakH1 okH2 V1 V2 {59, 7}
316. NoLeak ~LowTemp ReactorUnitSafe ~NoLeakH2 okH1 okH2 l V1 V2 {59, 17}
317. ~LowTemp ReactorUnitSafe NoLeakH1 ~NoLeakH2 okH1 okH2 l V1 V2 {59, 20}
318. NoLeak ~NoLeakH2 ~okH2 V1 {59, 23}
319. NoLeak ~NoLeakH2 okH2 V1 V2 {59, 25}
320. NoLeak NoLeakH1 V1 V2 {59, 26}
321. NoLeak LowTemp NoLeakH1 ~NoLeakH2 ~V2 {59, 32}
322. ReactorUnitSafe NoLeakH1 ~NoLeakH2 l V1 ~V2 {59, 33}
323. NoLeak LowTemp NoLeakH1 okH2 l V1 {59, 34}
324. NoLeak LowTemp NoLeakH1 ~NoLeakH2 {59, 36}
325. NoLeak NoLeakH1 okH2 V1 {59, 43}
326. NoLeak NoLeakH1 ~NoLeakH2 ~l ~V2 {59, 44}
327. NoLeak NoLeakH1 ~NoLeakH2 l {59, 45}
328. NoLeak ~LowTemp ReactorUnitSafe ~NoLeakH2 okH1 okH2 V1 V2 {59, 49}
329. NoLeak ~LowTemp ReactorUnitSafe ~NoLeakH2 okH1 l V1 V2 {59, 50}
330. NoLeak ~LowTemp ReactorUnitSafe ~NoLeakH2 okH1 okH2 l V1 {59, 51}
331. NoLeak ~LowTemp ReactorUnitSafe ~NoLeakH2 ~okH2 V1 {59, 54}
332. NoLeak ~LowTemp ReactorUnitSafe ~NoLeakH2 okH2 V1 V2 {59, 55}
333. NoLeak ReactorUnitSafe ~NoLeakH2 l V1 ~V2 {59, 58}
334. NoLeak NoLeakH2 ~okH1 V2 {60, 7}
335. NoLeak ~NoLeakH1 ~okH1 V2 {60, 25}
336. ReactorUnitSafe ~okH1 ~okH2 ~l ~V1 ~V2 {60, 27}
337. NoLeak LowTemp NoLeakH1 ~okH2 ~l ~V2 {60, 28}
338. NoLeak LowTemp NoLeakH2 ~okH1 ~l ~V1 {60, 29}
339. ReactorUnitSafe ~okH1 ~okH2 l ~V1 {60, 30}
340. NoLeak LowTemp NoLeakH1 ~okH2 l {60, 31}
341. ReactorUnitSafe ~okH1 ~okH2 l ~V2 {60, 33}
342. NoLeak LowTemp NoLeakH2 ~okH1 l {60, 34}
343. NoLeak NoLeakH2 ~okH1 {60, 43}
344. NoLeak ~LowTemp ReactorUnitSafe ~NoLeakH1 ~NoLeakH2 ~okH2 l V1 V2 {60, 50}
345. NoLeak ~LowTemp ReactorUnitSafe ~NoLeakH1 ~okH1 V2 {60, 55}
346. ReactorUnitSafe ~okH1 okH2 l ~V1 V2 {61, 30}
347. NoLeak LowTemp NoLeakH1 okH2 l V2 {61, 31}
348. NoLeak LowTemp ~okH1 okH2 ~V1 {61, 32}
349. NoLeak LowTemp ~okH1 okH2 {61, 37}
350. NoLeak LowTemp ~okH1 okH2 ~l {61, 40}
351. NoLeak ~okH1 okH2 ~l ~V1 {61, 44}
352. NoLeak ~okH1 okH2 l {61, 46}
353. NoLeak ~LowTemp ReactorUnitSafe ~NoLeakH1 okH2 l V1 V2 {61, 48}
354. NoLeak ReactorUnitSafe ~NoLeakH1 ~NoLeakH2 ~okH1 okH2 ~l ~V1 {61, 56}
355. NoLeak ReactorUnitSafe ~NoLeakH1 ~NoLeakH2 ~okH1 okH2 l {61, 58}
356. NoLeak V2 {62, 26}
357. NoLeak LowTemp okH2 ~l ~V1 {62, 29}
358. NoLeak LowTemp okH2 l {62, 34}
359. NoLeak okH2 {62, 43}
360. NoLeak ~LowTemp ReactorUnitSafe ~NoLeakH2 ~okH1 okH2 l V1 V2 {63, 4}
361. NoLeak ReactorUnitSafe ~NoLeakH1 ~NoLeakH2 okH2 l V1 V2 {63, 41}
362. NoLeak ~LowTemp ReactorUnitSafe ~NoLeakH1 ~NoLeakH2 okH2 l V2 {63, 45}
363. NoLeak ~LowTemp ReactorUnitSafe ~NoLeakH1 ~NoLeakH2 ~okH1 l V1 V2 {63, 60}
364. ~NoLeak ~LowTemp ReactorUnitSafe NoLeakH1 okH2 l V1 V2 {64, 7}
365. ~NoLeak ~LowTemp ReactorUnitSafe NoLeakH1 ~NoLeakH2 okH2 V1 V2 {64, 11}
366. ~NoLeak ~LowTemp ReactorUnitSafe NoLeakH1 ~NoLeakH2 l V1 V2 {64, 12}
367. ~NoLeak ~LowTemp ReactorUnitSafe NoLeakH1 ~NoLeakH2 okH2 l V1 {64, 15}
368. ~LowTemp ReactorUnitSafe NoLeakH1 ~NoLeakH2 ~okH1 okH2 l V1 V2 {64, 19}
369. ~NoLeak ~LowTemp ReactorUnitSafe NoLeakH1 ~NoLeakH2 okH2 l V2 {64, 30}
370. ~NoLeak ReactorUnitSafe NoLeakH1 ~NoLeakH2 okH2 l V1 V2 {64, 41}
371. ~NoLeak ~LowTemp ReactorUnitSafe NoLeakH2 okH1 l V1 V2 {65, 6}
372. ~NoLeak ~LowTemp ReactorUnitSafe okH1 okH2 V1 V2 {65, 11}
373. ~NoLeak ~LowTemp ReactorUnitSafe okH1 l V1 V2 {65, 12}
374. ~NoLeak ~LowTemp ReactorUnitSafe okH1 okH2 l V1 {65, 15}
375. ~NoLeak ~LowTemp ReactorUnitSafe okH1 okH2 l V2 {65, 30}
376. ~NoLeak ReactorUnitSafe NoLeakH1 okH1 okH2 l V1 V2 {65, 31}
377. ~NoLeak ReactorUnitSafe NoLeakH2 okH1 okH2 l V1 V2 {65, 34}
378. ~NoLeak ReactorUnitSafe okH1 okH2 l V1 V2 {65, 41}
379. ~NoLeak ~LowTemp ReactorUnitSafe ~NoLeakH2 okH1 V1 V2 {66, 12}
380. ~NoLeak ~LowTemp ReactorUnitSafe ~NoLeakH2 okH1 okH2 V1 {66, 15}
381. ~NoLeak ~LowTemp ReactorUnitSafe ~NoLeakH2 okH2 V1 V2 {66, 52}
382. ~LowTemp ReactorUnitSafe NoLeakH1 ~NoLeakH2 okH1 okH2 V1 V2 {66, 59}
383. ~NoLeak ~LowTemp ReactorUnitSafe okH1 ~okH2 l V1 V2 {67, 6}
384. ~NoLeak ~LowTemp ReactorUnitSafe ~NoLeakH2 okH1 l V1 {67, 15}
385. ~NoLeak ~LowTemp ReactorUnitSafe ~NoLeakH2 okH1 l V2 {67, 30}
386. ~NoLeak ReactorUnitSafe NoLeakH1 ~NoLeakH2 okH1 l V1 V2 {67, 31}
387. ~NoLeak ReactorUnitSafe ~NoLeakH2 okH1 l V1 V2 {67, 41}
388. ~NoLeak ~LowTemp ReactorUnitSafe ~NoLeakH2 l V1 V2 {67, 52}
389. ~LowTemp ReactorUnitSafe NoLeakH1 ~NoLeakH2 okH1 l V1 V2 {67, 59}
390. ~NoLeak ReactorUnitSafe ~NoLeakH2 okH1 okH2 l V1 ~V2 {68, 10}
391. ~NoLeak ~LowTemp ReactorUnitSafe ~NoLeakH2 okH1 okH2 l {68, 30}
392. ~NoLeak ReactorUnitSafe NoLeakH1 ~NoLeakH2 okH1 okH2 l V1 {68, 31}
393. ~NoLeak ReactorUnitSafe ~NoLeakH2 okH1 okH2 l V1 {68, 41}
394. ~NoLeak ~LowTemp ReactorUnitSafe ~NoLeakH2 okH2 l V1 {68, 52}
395. ~LowTemp ReactorUnitSafe NoLeakH1 ~NoLeakH2 okH1 okH2 l V1 {68, 59}
396. NoLeak NoLeakH2 okH1 V1 V2 {69, 7}
397. NoLeak ~NoLeakH1 okH1 V1 V2 {69, 25}
398. NoLeak LowTemp okH1 ~okH2 ~V2 {69, 32}
399. ReactorUnitSafe okH1 ~okH2 l V1 ~V2 {69, 33}
400. NoLeak LowTemp NoLeakH2 okH1 l V1 {69, 34}
401. NoLeak LowTemp okH1 ~okH2 {69, 36}
402. NoLeak NoLeakH2 okH1 V1 {69, 43}
403. NoLeak okH1 ~okH2 ~l ~V2 {69, 44}
404. NoLeak okH1 ~okH2 l {69, 45}
405. NoLeak ~LowTemp ReactorUnitSafe ~NoLeakH1 okH1 V1 V2 {69, 55}
406. NoLeak ReactorUnitSafe ~NoLeakH1 ~NoLeakH2 okH1 ~okH2 ~l ~V2 {69, 56}
407. NoLeak ReactorUnitSafe ~NoLeakH1 ~NoLeakH2 okH1 ~okH2 l {69, 57}
408. ~LowTemp ReactorUnitSafe ~NoLeakH2 okH1 ~okH2 l V1 V2 {69, 67}
409. NoLeak LowTemp NoLeakH1 okH1 okH2 ~l V1 {70, 28}
410. NoLeak LowTemp NoLeakH2 okH1 okH2 ~l V2 {70, 29}
411. NoLeak LowTemp okH1 okH2 V2 {70, 36}
412. NoLeak LowTemp okH1 okH2 V1 {70, 37}
413. NoLeak LowTemp okH1 okH2 ~l V1 {70, 40}
414. NoLeak okH1 okH2 l V2 {70, 45}
415. NoLeak okH1 okH2 l V1 {70, 46}
416. NoLeak ReactorUnitSafe ~NoLeakH1 ~NoLeakH2 okH1 okH2 l V2 {70, 57}
417. NoLeak ReactorUnitSafe ~NoLeakH1 ~NoLeakH2 okH1 okH2 l V1 {70, 58}
418. NoLeak LowTemp ~NoLeakH2 okH1 ~V1 ~V2 {71, 9}
419. NoLeak LowTemp ~NoLeakH2 ~l ~V2 {71, 19}
420. NoLeak LowTemp ~NoLeakH1 ~NoLeakH2 okH1 okH2 ~l {71, 25}
421. NoLeak LowTemp okH1 okH2 ~l ~V1 ~V2 {71, 29}
422. NoLeak LowTemp NoLeakH1 ~NoLeakH2 okH1 ~V2 {71, 31}
423. NoLeak LowTemp okH1 okH2 ~l ~V2 {71, 43}
424. NoLeak ReactorUnitSafe ~NoLeakH2 okH1 ~l V1 ~V2 {71, 53}
425. NoLeak LowTemp ReactorUnitSafe ~NoLeakH1 ~NoLeakH2 okH1 ~V1 ~V2 {71, 57}
426. NoLeak LowTemp ReactorUnitSafe ~NoLeakH1 ~NoLeakH2 okH1 ~V2 {71, 58}
427. NoLeak LowTemp ~NoLeakH2 ~okH2 ~l ~V2 {71, 60}
428. NoLeak LowTemp ~NoLeakH2 okH1 okH2 ~l V1 {71, 70}
429. NoLeak ReactorUnitSafe ~NoLeakH1 ~NoLeakH2 okH1 okH2 l V1 V2 {72, 17}
430. NoLeak LowTemp ~NoLeakH2 l {72, 19}
431. NoLeak LowTemp okH1 l V2 {72, 26}
432. NoLeak LowTemp okH1 okH2 l {72, 34}
433. NoLeak ReactorUnitSafe ~NoLeakH2 okH1 okH2 l V1 V2 {72, 47}
434. NoLeak ReactorUnitSafe ~NoLeakH1 ~NoLeakH2 okH1 l V1 V2 {72, 50}
435. NoLeak ReactorUnitSafe ~NoLeakH2 okH1 l V1 {72, 53}
436. NoLeak LowTemp ~NoLeakH2 ~okH2 l {72, 60}
437. NoLeak LowTemp ~NoLeakH2 okH2 l V2 {72, 61}
438. NoLeak V1 V2 {73, 26}
439. NoLeak LowTemp ~NoLeakH2 ~V2 {73, 32}
440. NoLeak LowTemp okH2 l V1 {73, 34}
441. NoLeak LowTemp ~NoLeakH2 {73, 36}
442. NoLeak okH2 V1 {73, 43}
443. NoLeak ~NoLeakH2 ~l ~V2 {73, 44}
444. NoLeak ~NoLeakH2 l {73, 45}
445. NoLeak ReactorUnitSafe ~NoLeakH1 ~NoLeakH2 ~l ~V2 {73, 56}
446. NoLeak ReactorUnitSafe ~NoLeakH1 ~NoLeakH2 l {73, 57}
447. LowTemp NoLeakH1 ~V1 ~V2 {74, 9}
448. NoLeak LowTemp ~okH2 ~l ~V2 {74, 23}
449. LowTemp NoLeakH1 NoLeakH2 ~l {74, 26}
450. ~NoLeak LowTemp ReactorUnitSafe NoLeakH1 ~V1 ~V2 {74, 30}
451. ~NoLeak LowTemp ReactorUnitSafe NoLeakH1 ~V2 {74, 33}
452. LowTemp NoLeakH1 NoLeakH2 okH2 ~V2 {74, 34}
453. ReactorUnitSafe NoLeakH1 ~NoLeakH2 ~okH1 ~l ~V2 {74, 52}
454. LowTemp ReactorUnitSafe ~NoLeakH2 ~l ~V1 ~V2 {74, 56}
455. NoLeak LowTemp NoLeakH1 ~okH1 okH2 ~l {74, 61}
456. NoLeak LowTemp ~okH2 l {75, 23}
457. NoLeak LowTemp okH2 l V2 {75, 25}
458. LowTemp NoLeakH1 NoLeakH2 okH2 ~V1 {75, 29}
459. ReactorUnitSafe NoLeakH1 ~NoLeakH2 ~okH1 l {75, 52}
460. LowTemp ReactorUnitSafe ~NoLeakH2 l ~V1 {75, 57}
461. LowTemp ReactorUnitSafe ~NoLeakH2 l ~V2 {75, 58}
462. ~LowTemp ReactorUnitSafe V1 V2 {76, 26}
463. ~NoLeak ~LowTemp ReactorUnitSafe ~NoLeakH2 ~l ~V2 {76, 27}
464. ~NoLeak ~LowTemp ReactorUnitSafe ~NoLeakH2 l {76, 30}
465. ReactorUnitSafe ~NoLeakH2 V1 ~V2 {76, 37}
466. ReactorUnitSafe ~NoLeakH2 ~l V1 ~V2 {76, 40}
467. ReactorUnitSafe ~NoLeakH2 l V1 {76, 41}
468. ~LowTemp ReactorUnitSafe okH2 V1 {76, 43}
469. ~LowTemp ReactorUnitSafe ~NoLeakH2 ~l ~V2 {76, 44}
470. ~LowTemp ReactorUnitSafe ~NoLeakH2 l {76, 45}
471. ~LowTemp ReactorUnitSafe ~NoLeakH1 ~NoLeakH2 ~l ~V2 {76, 56}
472. ~LowTemp ReactorUnitSafe ~NoLeakH1 ~NoLeakH2 l {76, 57}
473. ReactorUnitSafe NoLeakH1 ~NoLeakH2 ~l V1 ~V2 {76, 74}
474. ReactorUnitSafe NoLeakH1 ~NoLeakH2 l V1 {76, 75}
475. NoLeak ~LowTemp ReactorUnitSafe ~NoLeakH1 okH1 okH2 l V1 V2 {77, 17}
476. NoLeak NoLeakH2 V1 V2 {77, 22}
477. ~LowTemp ReactorUnitSafe ~NoLeakH1 NoLeakH2 okH1 okH2 l V1 V2 {77, 24}
478. ReactorUnitSafe ~NoLeakH1 NoLeakH2 l ~V1 V2 {77, 30}
479. NoLeak LowTemp NoLeakH2 okH1 l V2 {77, 31}
480. NoLeak LowTemp ~NoLeakH1 NoLeakH2 ~V1 {77, 32}
481. NoLeak LowTemp ~NoLeakH1 NoLeakH2 {77, 37}
482. NoLeak NoLeakH2 V2 {77, 39}
483. NoLeak LowTemp ~NoLeakH1 NoLeakH2 ~l {77, 40}
484. NoLeak ~NoLeakH1 NoLeakH2 ~l ~V1 {77, 44}
485. NoLeak ~NoLeakH1 NoLeakH2 l {77, 46}
486. NoLeak ~LowTemp ReactorUnitSafe ~NoLeakH1 okH1 okH2 V1 V2 {77, 49}
487. NoLeak ReactorUnitSafe ~NoLeakH1 l ~V1 V2 {77, 57}
488. NoLeak LowTemp ~NoLeakH1 okH1 l V2 {77, 72}
489. NoLeak ~NoLeakH1 V1 V2 {77, 73}
490. NoLeak LowTemp NoLeakH2 l V2 {77, 75}
491. NoLeak ~LowTemp ReactorUnitSafe ~NoLeakH1 V1 V2 {77, 76}
492. NoLeak ~LowTemp ReactorUnitSafe ~NoLeakH1 okH1 ~okH2 l V1 V2 {78, 6}
493. NoLeak ~LowTemp ReactorUnitSafe ~NoLeakH1 ~NoLeakH2 okH1 l V2 {78, 45}
494. NoLeak LowTemp ~okH2 ~V2 {79, 32}
495. ReactorUnitSafe ~okH2 l V1 ~V2 {79, 33}
496. NoLeak LowTemp NoLeakH2 l V1 {79, 34}
497. NoLeak LowTemp ~okH2 {79, 36}
498. NoLeak NoLeakH2 V1 {79, 43}
499. NoLeak ~okH2 ~l ~V2 {79, 44}
500. NoLeak ~okH2 l {79, 45}
501. NoLeak ReactorUnitSafe ~NoLeakH1 ~NoLeakH2 ~okH2 ~l ~V2 {79, 56}
502. NoLeak ReactorUnitSafe ~NoLeakH1 ~NoLeakH2 ~okH2 l {79, 57}
503. NoLeak ~okH1 V1 V2 {79, 61}
504. ~NoLeak ~LowTemp ReactorUnitSafe ~NoLeakH1 NoLeakH2 okH1 V1 V2 {80, 11}
505. ~NoLeak ~LowTemp ReactorUnitSafe ~NoLeakH1 NoLeakH2 okH1 l V1 {80, 15}
506. ~LowTemp ReactorUnitSafe ~NoLeakH1 NoLeakH2 okH1 ~okH2 l V1 V2 {80, 23}
507. ~NoLeak ~LowTemp ReactorUnitSafe ~NoLeakH1 NoLeakH2 okH1 l V2 {80, 30}
508. ~NoLeak ReactorUnitSafe ~NoLeakH1 NoLeakH2 okH1 l V1 V2 {80, 41}
509. ~NoLeak ~LowTemp ReactorUnitSafe ~NoLeakH1 okH1 V1 V2 {81, 12}
510. ~NoLeak ~LowTemp ReactorUnitSafe ~NoLeakH1 okH1 okH2 V1 {81, 15}
511. ~LowTemp ReactorUnitSafe ~NoLeakH1 NoLeakH2 okH1 okH2 V1 V2 {81, 77}
512. ~NoLeak ~LowTemp ReactorUnitSafe ~NoLeakH1 okH1 l V1 {82, 15}
513. ~NoLeak ~LowTemp ReactorUnitSafe ~NoLeakH1 okH1 l V2 {82, 30}
514. ~NoLeak ReactorUnitSafe ~NoLeakH1 okH1 l V1 V2 {82, 41}
515. ~NoLeak ReactorUnitSafe ~NoLeakH1 okH1 okH2 l V1 ~V2 {83, 10}
516. ~NoLeak ~LowTemp ReactorUnitSafe ~NoLeakH1 okH1 okH2 l {83, 30}
517. ~NoLeak ReactorUnitSafe ~NoLeakH1 NoLeakH2 okH1 okH2 l V1 {83, 34}
518. ~NoLeak ReactorUnitSafe ~NoLeakH1 okH1 okH2 l V1 {83, 41}
519. NoLeak LowTemp ~NoLeakH1 okH2 ~V1 ~V2 {84, 10}
520. NoLeak LowTemp ~NoLeakH1 ~l ~V1 {84, 12}
521. NoLeak LowTemp ~NoLeakH1 NoLeakH2 okH2 ~V1 {84, 34}
522. NoLeak ReactorUnitSafe ~NoLeakH1 okH2 ~l ~V1 V2 {84, 55}
523. NoLeak LowTemp ReactorUnitSafe ~NoLeakH1 ~NoLeakH2 okH2 ~V1 {84, 57}
524. NoLeak LowTemp ReactorUnitSafe ~NoLeakH1 ~NoLeakH2 okH2 ~V1 ~V2 {84, 58}
525. NoLeak LowTemp ~NoLeakH1 ~okH1 ~l ~V1 {84, 60}
526. NoLeak LowTemp ~NoLeakH1 okH1 okH2 ~l V2 {84, 70}
527. NoLeak LowTemp ~NoLeakH1 ~NoLeakH2 okH1 okH2 ~V1 {84, 72}
528. NoLeak LowTemp ~NoLeakH1 ~NoLeakH2 okH2 ~l {84, 73}
529. NoLeak LowTemp okH2 ~l ~V1 ~V2 {84, 74}
530. NoLeak LowTemp ~NoLeakH1 l {85, 12}
531. NoLeak LowTemp ~NoLeakH1 okH2 ~V2 {85, 40}
532. NoLeak ReactorUnitSafe ~NoLeakH1 okH1 okH2 l V1 V2 {85, 48}
533. NoLeak ReactorUnitSafe ~NoLeakH1 okH2 l V2 {85, 55}
534. NoLeak LowTemp ~NoLeakH2 okH2 l V1 {85, 59}
535. NoLeak LowTemp ~NoLeakH1 ~okH1 l {85, 60}
536. NoLeak LowTemp ~NoLeakH1 okH1 l V1 {85, 69}
537. NoLeak LowTemp ~NoLeakH1 ~NoLeakH2 okH1 okH2 ~V2 {85, 71}
538. NoLeak ReactorUnitSafe ~NoLeakH1 ~NoLeakH2 okH2 l V1 {85, 76}
539. NoLeak LowTemp ~NoLeakH1 l V1 {85, 79}
540. NoLeak ~NoLeakH1 {86, 15}
541. NoLeak LowTemp ~NoLeakH1 ~V1 {86, 32}
542. NoLeak LowTemp ~NoLeakH1 {86, 37}
543. NoLeak LowTemp ~NoLeakH1 ~l {86, 40}
544. NoLeak ~NoLeakH1 ~l ~V1 {86, 44}
545. NoLeak ~NoLeakH1 l {86, 46}
546. NoLeak ReactorUnitSafe ~NoLeakH1 ~NoLeakH2 ~l ~V1 {86, 56}
547. NoLeak ~NoLeakH2 V1 V2 {86, 59}
548. NoLeak LowTemp ~NoLeakH1 ~NoLeakH2 okH1 ~l {86, 71}
549. NoLeak LowTemp l V2 {86, 75}
550. NoLeak ~LowTemp ReactorUnitSafe ~NoLeakH1 {87, 54}
551. NoLeak ~NoLeakH2 okH2 V1 {87, 59}
552. NoLeak ~NoLeakH1 ~okH1 {87, 60}
553. NoLeak ~NoLeakH1 okH1 V1 {87, 69}
554. NoLeak LowTemp okH2 ~l ~V2 {87, 74}
555. NoLeak ~NoLeakH1 V1 {87, 79}
556. NoLeak LowTemp NoLeakH2 okH2 ~l V2 {88, 29}
557. NoLeak LowTemp okH2 V2 {88, 36}
558. NoLeak LowTemp okH2 V1 {88, 37}
559. NoLeak LowTemp okH2 ~l V1 {88, 40}
560. NoLeak okH2 l V2 {88, 45}
561. NoLeak okH2 l V1 {88, 46}
562. NoLeak ReactorUnitSafe ~NoLeakH1 ~NoLeakH2 okH2 l V2 {88, 57}
563. NoLeak LowTemp NoLeakH1 okH2 ~l V1 {88, 74}
564. NoLeak LowTemp ~NoLeakH1 okH2 ~l V2 {88, 84}
565. LowTemp NoLeakH2 ~V1 ~V2 {89, 10}
566. NoLeak LowTemp ~okH1 ~l ~V1 {89, 19}
567. ~NoLeak LowTemp ReactorUnitSafe NoLeakH2 ~V1 {89, 30}
568. LowTemp NoLeakH1 NoLeakH2 okH1 ~V1 {89, 31}
569. ~NoLeak LowTemp ReactorUnitSafe NoLeakH2 ~V1 ~V2 {89, 33}
570. ReactorUnitSafe ~NoLeakH1 NoLeakH2 ~okH2 ~l ~V1 {89, 54}
571. LowTemp ReactorUnitSafe ~NoLeakH1 ~l ~V1 ~V2 {89, 56}
572. NoLeak LowTemp ~l ~V1 {89, 62}
573. NoLeak LowTemp NoLeakH2 okH1 ~okH2 ~l {89, 69}
574. NoLeak LowTemp okH1 ~l ~V1 ~V2 {89, 71}
575. LowTemp NoLeakH1 NoLeakH2 ~V1 {89, 75}
576. NoLeak LowTemp NoLeakH2 ~okH2 ~l {89, 79}
577. NoLeak LowTemp ~okH1 l {90, 19}
578. NoLeak LowTemp okH1 l V1 {90, 21}
579. LowTemp NoLeakH1 NoLeakH2 okH1 ~V2 {90, 28}
580. LowTemp NoLeakH2 ~V2 {90, 40}
581. ReactorUnitSafe ~NoLeakH1 NoLeakH2 ~okH2 l {90, 54}
582. LowTemp ReactorUnitSafe ~NoLeakH1 l ~V1 {90, 57}
583. LowTemp ReactorUnitSafe ~NoLeakH1 l ~V2 {90, 58}
584. NoLeak LowTemp NoLeakH1 l V1 {90, 59}
585. NoLeak LowTemp l {90, 62}
586. NoLeak LowTemp okH1 l {90, 72}
587. NoLeak LowTemp l V1 {90, 73}
588. LowTemp NoLeakH1 NoLeakH2 ~V2 {90, 74}
589. ~LowTemp ReactorUnitSafe ~NoLeakH1 {91, 18}
590. NoLeak ~okH1 {91, 19}
591. NoLeak okH1 V1 {91, 21}
592. ~LowTemp ReactorUnitSafe ~okH1 {91, 52}
593. ~LowTemp ReactorUnitSafe okH1 V1 {91, 53}
594. ReactorUnitSafe ~NoLeakH1 ~l ~V1 ~V2 {91, 56}
595. ReactorUnitSafe ~NoLeakH1 l ~V1 {91, 57}
596. ReactorUnitSafe ~NoLeakH1 l ~V2 {91, 58}
597. NoLeak NoLeakH1 V1 {91, 59}
598. NoLeak {91, 62}
599. NoLeak LowTemp okH1 ~l ~V2 {91, 71}
600. NoLeak V1 {91, 73}
601. ~LowTemp ReactorUnitSafe V1 {91, 76}
602. ~NoLeak ~LowTemp ReactorUnitSafe ~NoLeakH1 ~l ~V1 {92, 27}
603. ~NoLeak ~LowTemp ReactorUnitSafe ~NoLeakH1 l {92, 33}
604. ReactorUnitSafe ~NoLeakH1 ~V1 V2 {92, 36}
605. ~LowTemp ReactorUnitSafe V2 {92, 39}
606. ReactorUnitSafe ~NoLeakH1 l V2 {92, 41}
607. ~LowTemp ReactorUnitSafe ~NoLeakH1 ~l ~V1 {92, 44}
608. ~LowTemp ReactorUnitSafe ~NoLeakH1 l {92, 46}
609. ~LowTemp ReactorUnitSafe ~NoLeakH1 ~NoLeakH2 ~l ~V1 {92, 56}
610. NoLeak ~LowTemp ReactorUnitSafe ~NoLeakH2 V1 V2 {92, 59}
611. NoLeak ReactorUnitSafe ~NoLeakH1 ~NoLeakH2 okH1 l V2 {92, 72}
612. ReactorUnitSafe ~NoLeakH1 NoLeakH2 ~l ~V1 V2 {92, 89}
613. ReactorUnitSafe ~NoLeakH1 NoLeakH2 l V2 {92, 90}
614. ReactorUnitSafe ~okH1 l ~V1 V2 {93, 30}
615. NoLeak LowTemp NoLeakH1 l V2 {93, 31}
616. NoLeak LowTemp ~okH1 ~V1 {93, 32}
617. NoLeak LowTemp ~okH1 {93, 37}
618. NoLeak LowTemp ~okH1 ~l {93, 40}
619. NoLeak ~okH1 ~l ~V1 {93, 44}
620. NoLeak ~okH1 l {93, 46}
621. NoLeak ReactorUnitSafe ~NoLeakH1 ~NoLeakH2 ~okH1 ~l ~V1 {93, 56}
622. NoLeak ReactorUnitSafe ~NoLeakH1 ~NoLeakH2 ~okH1 l {93, 58}
623. NoLeak ~okH2 V1 V2 {93, 69}
624. NoLeak LowTemp ~NoLeakH2 l V2 {93, 72}
625. NoLeak LowTemp NoLeakH1 ~okH1 ~l {93, 74}
626. NoLeak LowTemp NoLeakH1 okH1 ~l V1 {94, 28}
627. NoLeak LowTemp okH1 V2 {94, 36}
628. NoLeak LowTemp okH1 V1 {94, 37}
629. NoLeak LowTemp okH1 ~l V1 {94, 40}
630. NoLeak okH1 l V2 {94, 45}
631. NoLeak okH1 l V1 {94, 46}
632. NoLeak ReactorUnitSafe ~NoLeakH1 ~NoLeakH2 okH1 l V1 {94, 58}
633. NoLeak LowTemp ~NoLeakH2 okH1 ~l V1 {94, 71}
634. NoLeak LowTemp NoLeakH2 okH1 ~l V2 {94, 89}
635. ~NoLeak ReactorUnitSafe NoLeakH1 NoLeakH2 okH1 okH2 ~l {95, 7}
636. ~NoLeak ReactorUnitSafe NoLeakH1 NoLeakH2 okH1 ~l {95, 26}
637. ~NoLeak ReactorUnitSafe NoLeakH1 okH1 ~V1 ~V2 {95, 30}
638. ~NoLeak ReactorUnitSafe NoLeakH1 okH1 ~V2 {95, 33}
639. ~NoLeak LowTemp ReactorUnitSafe NoLeakH1 NoLeakH2 okH1 okH2 ~V2 {95, 34}
640. ~NoLeak ~LowTemp ReactorUnitSafe NoLeakH1 ~NoLeakH2 ~l ~V2 {95, 52}
641. ~NoLeak ~LowTemp ReactorUnitSafe okH1 ~okH2 ~l ~V2 {95, 54}
642. ~NoLeak ReactorUnitSafe ~NoLeakH2 okH1 ~l ~V1 ~V2 {95, 56}
643. ReactorUnitSafe NoLeakH1 ~NoLeakH2 okH1 ~l ~V2 {95, 62}
644. ~NoLeak ~LowTemp ReactorUnitSafe NoLeakH1 ~NoLeakH2 okH1 okH2 ~l V1 {95, 66}
645. ~NoLeak ~LowTemp ReactorUnitSafe NoLeakH1 ~NoLeakH2 okH1 okH2 V1 ~V2 {95, 68}
646. ReactorUnitSafe NoLeakH1 okH1 ~okH2 ~l V1 ~V2 {95, 69}
647. LowTemp ReactorUnitSafe NoLeakH1 ~NoLeakH2 okH1 ~l ~V2 {95, 71}
648. ~NoLeak LowTemp ReactorUnitSafe NoLeakH1 NoLeakH2 okH1 ~V2 {95, 90}
649. ~NoLeak ReactorUnitSafe NoLeakH2 okH2 ~l {96, 14}
650. ~NoLeak ReactorUnitSafe NoLeakH1 NoLeakH2 okH2 ~l {96, 22}
651. ~NoLeak ReactorUnitSafe NoLeakH2 okH2 ~V1 {96, 30}
652. ~NoLeak LowTemp ReactorUnitSafe NoLeakH1 NoLeakH2 okH1 okH2 ~V1 {96, 31}
653. ~NoLeak ReactorUnitSafe NoLeakH2 okH2 ~V1 ~V2 {96, 33}
654. ~NoLeak ~LowTemp ReactorUnitSafe ~okH1 okH2 ~l ~V1 {96, 52}
655. ~NoLeak ~LowTemp ReactorUnitSafe ~NoLeakH1 NoLeakH2 ~l ~V1 {96, 54}
656. ~NoLeak ReactorUnitSafe ~NoLeakH1 okH2 ~l ~V1 ~V2 {96, 56}
657. ReactorUnitSafe NoLeakH2 ~okH1 okH2 ~l ~V1 V2 {96, 61}
658. ~NoLeak LowTemp ReactorUnitSafe NoLeakH1 NoLeakH2 okH2 ~V1 {96, 75}
659. ~NoLeak ~LowTemp ReactorUnitSafe ~NoLeakH1 NoLeakH2 okH1 okH2 ~l V2 {96, 81}
660. LowTemp ReactorUnitSafe ~NoLeakH1 NoLeakH2 okH2 ~l ~V1 {96, 84}
661. ReactorUnitSafe ~NoLeakH1 NoLeakH2 okH2 ~l ~V1 {96, 87}
662. LowTemp ReactorUnitSafe ~NoLeakH2 ~okH1 ~V1 ~V2 {97, 19}
663. LowTemp ReactorUnitSafe ~NoLeakH1 ~okH2 ~V1 ~V2 {97, 23}
664. ~NoLeak ReactorUnitSafe ~NoLeakH2 ~okH1 ~V1 ~V2 {97, 52}
665. ~NoLeak ReactorUnitSafe ~NoLeakH1 ~okH2 ~V1 ~V2 {97, 54}
666. LowTemp ReactorUnitSafe ~okH1 ~okH2 ~V1 ~V2 {97, 60}
667. LowTemp ReactorUnitSafe ~NoLeakH2 ~V1 ~V2 {97, 62}
668. LowTemp ReactorUnitSafe ~NoLeakH2 okH1 l ~V1 ~V2 {97, 72}
669. LowTemp ReactorUnitSafe ~NoLeakH1 okH2 l ~V1 ~V2 {97, 85}
670. LowTemp ReactorUnitSafe ~NoLeakH1 okH2 ~V1 ~V2 {97, 87}
671. ~NoLeak ReactorUnitSafe NoLeakH2 ~l {98, 26}
672. ~NoLeak LowTemp ReactorUnitSafe NoLeakH2 okH2 ~V2 {98, 34}
673. ~NoLeak ~LowTemp ReactorUnitSafe ~NoLeakH1 ~NoLeakH2 okH1 okH2 ~l V1 {98, 35}
674. ~NoLeak ~LowTemp ReactorUnitSafe ~NoLeakH1 ~NoLeakH2 okH1 okH2 V1 ~V2 {98, 42}
675. ~NoLeak ~LowTemp ReactorUnitSafe ~NoLeakH1 okH2 ~l {98, 55}
676. ~NoLeak ReactorUnitSafe ~NoLeakH1 ~NoLeakH2 ~V2 {98, 58}
677. ReactorUnitSafe ~okH1 ~okH2 ~l ~V2 {98, 60}
678. ReactorUnitSafe ~NoLeakH2 ~l ~V2 {98, 62}
679. ~NoLeak ~LowTemp ReactorUnitSafe ~NoLeakH2 okH1 okH2 ~l V1 {98, 66}
680. ~NoLeak ~LowTemp ReactorUnitSafe ~NoLeakH2 okH1 okH2 V1 ~V2 {98, 68}
681. ReactorUnitSafe okH1 ~okH2 ~l V1 ~V2 {98, 69}
682. LowTemp ReactorUnitSafe ~NoLeakH2 okH1 ~l ~V2 {98, 71}
683. ReactorUnitSafe ~okH2 ~l V1 ~V2 {98, 79}
684. ~NoLeak ~LowTemp ReactorUnitSafe ~NoLeakH1 okH1 okH2 ~l V1 {98, 81}
685. ~NoLeak ~LowTemp ReactorUnitSafe ~NoLeakH1 okH1 okH2 V1 ~V2 {98, 83}
686. ReactorUnitSafe ~NoLeakH1 okH2 ~l ~V2 {98, 87}
687. ~NoLeak LowTemp ReactorUnitSafe NoLeakH2 ~V2 {98, 90}
688. ~NoLeak ~LowTemp ReactorUnitSafe ~NoLeakH1 ~l {98, 92}
689. LowTemp ReactorUnitSafe NoLeakH1 ~NoLeakH2 ~l ~V1 ~V2 {99, 28}
690. LowTemp ReactorUnitSafe ~okH1 okH2 ~l ~V1 ~V2 {99, 29}
691. ReactorUnitSafe ~okH1 okH2 ~l ~V1 ~V2 {99, 43}
692. ~LowTemp ReactorUnitSafe ~NoLeakH1 ~NoLeakH2 ~okH1 okH2 ~l ~V1 {99, 55}
693. ReactorUnitSafe ~NoLeakH1 ~NoLeakH2 ~okH1 ~V1 ~V2 {99, 57}
694. NoLeak ReactorUnitSafe NoLeakH1 ~NoLeakH2 ~okH1 ~l ~V2 {99, 59}
695. NoLeak ReactorUnitSafe ~NoLeakH2 ~okH1 okH2 ~l ~V1 {99, 61}
696. NoLeak LowTemp ReactorUnitSafe ~NoLeakH2 ~l ~V1 ~V2 {99, 71}
697. NoLeak ReactorUnitSafe ~NoLeakH2 ~okH1 ~l ~V2 {99, 73}
698. LowTemp ReactorUnitSafe NoLeakH1 ~NoLeakH2 ~okH1 ~V1 ~V2 {99, 75}
699. ~LowTemp ReactorUnitSafe ~NoLeakH2 ~okH1 ~l ~V2 {99, 76}
700. NoLeak ReactorUnitSafe ~NoLeakH2 ~okH1 ~okH2 ~l ~V2 {99, 79}
701. NoLeak LowTemp ReactorUnitSafe ~NoLeakH1 ~NoLeakH2 ~okH1 okH2 ~V1 ~V2 {99, 85}
702. LowTemp ReactorUnitSafe ~okH1 ~l ~V1 ~V2 {99, 89}
703. ReactorUnitSafe ~okH1 ~l ~V1 ~V2 {99, 91}
704. ~LowTemp ReactorUnitSafe ~NoLeakH1 ~NoLeakH2 ~okH1 ~l ~V1 {99, 92}
705. NoLeak ReactorUnitSafe ~NoLeakH2 ~okH1 ~l ~V1 {99, 93}
706. ~NoLeak ReactorUnitSafe NoLeakH1 ~NoLeakH2 ~l ~V1 ~V2 {99, 95}
707. ~NoLeak ReactorUnitSafe ~okH1 okH2 ~l ~V1 ~V2 {99, 96}
708. ~NoLeak ReactorUnitSafe NoLeakH1 NoLeakH2 ~l {100, 26}
709. ~NoLeak ReactorUnitSafe NoLeakH1 ~V1 ~V2 {100, 30}
710. ~NoLeak ReactorUnitSafe NoLeakH1 ~V2 {100, 33}
711. ~NoLeak LowTemp ReactorUnitSafe NoLeakH1 NoLeakH2 okH2 ~V2 {100, 34}
712. ~NoLeak ~LowTemp ReactorUnitSafe ~okH2 ~l ~V2 {100, 54}
713. ~NoLeak ReactorUnitSafe ~NoLeakH2 ~l ~V1 ~V2 {100, 56}
714. ReactorUnitSafe NoLeakH1 ~okH1 ~okH2 ~l ~V2 {100, 60}
715. ReactorUnitSafe NoLeakH1 ~NoLeakH2 ~l ~V2 {100, 62}
716. ReactorUnitSafe NoLeakH1 ~okH2 ~l V1 ~V2 {100, 79}
717. ~NoLeak LowTemp ReactorUnitSafe NoLeakH1 NoLeakH2 ~V2 {100, 90}
718. LowTemp ReactorUnitSafe okH1 ~okH2 ~l ~V1 ~V2 {101, 28}
719. LowTemp ReactorUnitSafe ~NoLeakH1 NoLeakH2 ~l ~V1 ~V2 {101, 29}
720. ReactorUnitSafe ~okH2 ~l ~V1 ~V2 {101, 39}
721. ReactorUnitSafe ~NoLeakH1 NoLeakH2 ~l ~V1 ~V2 {101, 43}
722. ~LowTemp ReactorUnitSafe ~NoLeakH1 ~NoLeakH2 okH1 ~okH2 ~l ~V2 {101, 53}
723. ReactorUnitSafe ~NoLeakH1 ~NoLeakH2 ~okH2 ~V1 ~V2 {101, 57}
724. NoLeak ReactorUnitSafe ~NoLeakH1 okH1 ~okH2 ~l ~V2 {101, 69}
725. NoLeak LowTemp ReactorUnitSafe ~NoLeakH1 ~NoLeakH2 okH1 ~okH2 ~V1 ~V2 {101, 72}
726. LowTemp ReactorUnitSafe ~okH2 ~l ~V1 ~V2 {101, 74}
727. ~LowTemp ReactorUnitSafe ~NoLeakH1 ~NoLeakH2 ~okH2 ~l ~V2 {101, 76}
728. NoLeak ReactorUnitSafe ~NoLeakH1 NoLeakH2 ~okH2 ~l ~V1 {101, 77}
729. NoLeak ReactorUnitSafe ~NoLeakH1 ~okH2 ~l ~V2 {101, 79}
730. NoLeak LowTemp ReactorUnitSafe ~NoLeakH1 ~l ~V1 ~V2 {101, 84}
731. NoLeak ReactorUnitSafe ~NoLeakH1 ~okH2 ~l ~V1 {101, 86}
732. NoLeak ReactorUnitSafe ~NoLeakH1 ~l ~V1 ~V2 {101, 87}
733. LowTemp ReactorUnitSafe ~NoLeakH1 NoLeakH2 ~okH2 ~V1 ~V2 {101, 90}
734. ~LowTemp ReactorUnitSafe ~NoLeakH1 ~okH2 ~l ~V1 {101, 92}
735. NoLeak ReactorUnitSafe ~NoLeakH1 ~okH1 ~okH2 ~l ~V1 {101, 93}
736. ~NoLeak ReactorUnitSafe okH1 ~okH2 ~l ~V1 ~V2 {101, 95}
737. ~NoLeak ReactorUnitSafe ~NoLeakH1 NoLeakH2 ~l ~V1 ~V2 {101, 96}
738. ~NoLeak ReactorUnitSafe ~okH2 ~l ~V1 ~V2 {101, 100}
739. ~NoLeak ReactorUnitSafe NoLeakH2 ~V1 {102, 30}
740. ~NoLeak LowTemp ReactorUnitSafe NoLeakH1 NoLeakH2 okH1 ~V1 {102, 31}
741. ~NoLeak ReactorUnitSafe NoLeakH2 ~V1 ~V2 {102, 33}
742. ~NoLeak ~LowTemp ReactorUnitSafe ~okH1 ~l ~V1 {102, 52}
743. ~NoLeak ReactorUnitSafe ~NoLeakH1 ~l ~V1 ~V2 {102, 56}
744. ReactorUnitSafe NoLeakH2 ~okH1 ~okH2 ~l ~V1 {102, 60}
745. ~NoLeak LowTemp ReactorUnitSafe NoLeakH1 NoLeakH2 ~V1 {102, 75}
746. ReactorUnitSafe NoLeakH2 ~okH1 ~l ~V1 V2 {102, 93}
747. ~NoLeak ReactorUnitSafe ~okH1 ~l ~V1 ~V2 {102, 99}
748. NoLeakH1 NoLeakH2 okH1 okH2 ~l {103, 16}
749. LowTemp NoLeakH1 NoLeakH2 okH1 okH2 {103, 31}
750. NoLeak LowTemp NoLeakH1 NoLeakH2 okH2 ~l V2 {103, 61}
751. NoLeak LowTemp NoLeakH1 okH1 okH2 ~l {103, 62}
752. NoLeak LowTemp NoLeakH1 NoLeakH2 okH1 ~l V1 {103, 69}
753. NoLeak LowTemp NoLeakH1 okH1 okH2 ~l ~V2 {103, 71}
754. NoLeak LowTemp NoLeakH2 okH1 okH2 ~l ~V1 {103, 84}
755. NoLeak LowTemp NoLeakH2 okH1 okH2 ~l {103, 87}
756. NoLeakH1 okH1 ~V1 ~V2 {104, 16}
757. NoLeak LowTemp NoLeakH1 ~NoLeakH2 ~V1 ~V2 {104, 19}
758. NoLeak LowTemp okH1 ~okH2 ~V1 ~V2 {104, 23}
759. NoLeak LowTemp NoLeakH1 ~okH2 ~V1 ~V2 {104, 60}
760. NoLeak LowTemp NoLeakH1 okH1 ~okH2 ~V2 {104, 69}
761. NoLeak LowTemp okH1 okH2 l ~V1 ~V2 {104, 85}
762. NoLeak LowTemp okH1 okH2 ~V1 ~V2 {104, 87}
763. NoLeakH1 okH1 ~V2 {105, 16}
764. LowTemp NoLeakH1 NoLeakH2 okH1 {105, 26}
765. ReactorUnitSafe NoLeakH1 ~NoLeakH2 okH1 V1 ~V2 {105, 53}
766. NoLeak LowTemp NoLeakH1 ~okH2 ~V2 {105, 60}
767. ~NoLeak ReactorUnitSafe NoLeakH1 ~NoLeakH2 okH1 okH2 l V1 ~V2 {105, 68}
768. NoLeak LowTemp NoLeakH1 okH1 okH2 V1 {105, 70}
769. NoLeak LowTemp okH1 okH2 l ~V2 {105, 85}
770. NoLeak LowTemp okH1 okH2 ~V2 {105, 87}
771. NoLeak LowTemp NoLeakH1 okH1 V1 {105, 94}
772. NoLeakH1 NoLeakH2 okH1 ~l {106, 26}
773. ~LowTemp ReactorUnitSafe NoLeakH1 ~NoLeakH2 ~l ~V2 {106, 52}
774. ~LowTemp ReactorUnitSafe okH1 ~okH2 ~l ~V2 {106, 54}
775. ReactorUnitSafe ~NoLeakH2 okH1 ~l ~V1 ~V2 {106, 56}
776. NoLeak NoLeakH1 ~okH2 ~l ~V2 {106, 60}
777. NoLeak NoLeakH1 okH1 okH2 ~l V1 {106, 70}
778. NoLeak okH1 okH2 ~l ~V2 {106, 87}
779. NoLeak NoLeakH1 okH1 ~l V1 {106, 94}
780. ReactorUnitSafe NoLeakH1 ~NoLeakH2 ~l ~V1 ~V2 {106, 99}
781. ReactorUnitSafe okH1 ~okH2 ~l ~V1 ~V2 {106, 101}
782. NoLeak LowTemp NoLeakH1 okH2 ~l ~V1 ~V2 {107, 29}
783. NoLeak LowTemp NoLeakH1 okH2 ~l ~V2 {107, 43}
784. NoLeak ReactorUnitSafe NoLeakH1 ~NoLeakH2 okH1 ~l V1 ~V2 {107, 53}
785. NoLeak LowTemp NoLeakH1 ~NoLeakH2 ~okH1 okH2 ~l {107, 61}
786. NoLeak LowTemp NoLeakH1 ~NoLeakH2 okH1 okH2 ~l V1 {107, 70}
787. NoLeak ReactorUnitSafe NoLeakH1 ~NoLeakH2 ~l V1 ~V2 {107, 76}
788. NoLeak LowTemp ~NoLeakH2 okH2 ~l ~V1 ~V2 {107, 84}
789. NoLeak LowTemp ~NoLeakH2 okH2 ~l ~V2 {107, 87}
790. NoLeak LowTemp NoLeakH1 ~NoLeakH2 okH2 ~l V1 {107, 88}
791. NoLeak LowTemp NoLeakH1 ~l ~V1 ~V2 {107, 89}
792. NoLeak LowTemp NoLeakH1 ~l ~V2 {107, 91}
793. NoLeak LowTemp NoLeakH1 ~NoLeakH2 ~okH1 ~l {107, 93}
794. NoLeak LowTemp NoLeakH1 ~NoLeakH2 okH1 ~l V1 {107, 94}
795. LowTemp ReactorUnitSafe NoLeakH1 ~NoLeakH2 ~l ~V2 {107, 98}
796. NoLeak LowTemp ReactorUnitSafe ~NoLeakH2 ~okH2 ~l ~V1 ~V2 {107, 101}
797. NoLeak LowTemp NoLeakH2 okH1 ~l ~V1 ~V2 {108, 29}
798. NoLeak LowTemp NoLeakH2 okH1 ~l ~V2 {108, 43}
799. NoLeak ReactorUnitSafe ~NoLeakH2 okH1 ~okH2 ~l V1 ~V2 {108, 53}
800. NoLeak LowTemp ReactorUnitSafe ~NoLeakH1 ~NoLeakH2 okH1 ~okH2 ~V2 {108, 58}
801. NoLeak LowTemp ~NoLeakH2 okH1 ~okH2 ~V2 {108, 72}
802. NoLeak LowTemp ~NoLeakH1 NoLeakH2 okH1 ~okH2 ~l {108, 77}
803. NoLeak LowTemp ~NoLeakH1 okH1 ~l ~V1 ~V2 {108, 84}
804. NoLeak LowTemp ~NoLeakH1 okH1 ~okH2 ~l {108, 86}
805. NoLeak LowTemp ~NoLeakH1 okH1 ~l ~V2 {108, 87}
806. NoLeak LowTemp NoLeakH2 okH1 ~okH2 ~V2 {108, 90}
807. NoLeak LowTemp okH1 ~okH2 ~l V1 {108, 94}
808. LowTemp ReactorUnitSafe NoLeakH1 okH1 ~okH2 ~l ~V2 {108, 95}
809. LowTemp ReactorUnitSafe okH1 ~okH2 ~l ~V2 {108, 98}
810. LowTemp ReactorUnitSafe NoLeakH2 okH1 ~okH2 ~l ~V1 ~V2 {108, 102}
811. NoLeak LowTemp NoLeakH1 NoLeakH2 okH1 ~l ~V2 {108, 103}
812. NoLeak LowTemp NoLeakH1 NoLeakH2 ~okH2 ~l {109, 60}
813. NoLeak LowTemp NoLeakH1 okH1 ~l {109, 62}
814. NoLeak LowTemp NoLeakH1 okH1 ~l ~V2 {109, 71}
815. NoLeak LowTemp NoLeakH1 NoLeakH2 ~l V2 {109, 93}
816. NoLeakH2 okH2 ~V1 {110, 16}
817. LowTemp NoLeakH1 NoLeakH2 okH2 {110, 22}
818. ReactorUnitSafe ~NoLeakH1 NoLeakH2 okH2 ~V1 V2 {110, 55}
819. NoLeak LowTemp NoLeakH2 ~okH1 ~V1 {110, 60}
820. NoLeak LowTemp okH2 ~V1 {110, 62}
821. NoLeak LowTemp NoLeakH2 okH1 okH2 V2 {110, 70}
822. NoLeak LowTemp okH1 okH2 l ~V1 {110, 72}
823. NoLeak LowTemp NoLeakH2 okH2 V2 {110, 88}
824. NoLeakH2 okH2 ~V1 ~V2 {111, 16}
825. NoLeak LowTemp ~okH1 okH2 ~V1 ~V2 {111, 19}
826. NoLeak LowTemp ~NoLeakH1 NoLeakH2 ~V1 ~V2 {111, 23}
827. NoLeak LowTemp NoLeakH2 ~okH1 ~V1 ~V2 {111, 60}
828. NoLeak LowTemp NoLeakH2 ~okH1 okH2 ~V1 {111, 61}
829. NoLeak LowTemp okH2 ~V1 ~V2 {111, 62}
830. NoLeakH2 okH2 ~l {112, 16}
831. ReactorUnitSafe ~NoLeakH1 NoLeakH2 okH2 ~l V2 {112, 55}
832. NoLeak LowTemp NoLeakH2 ~okH1 ~l {112, 60}
833. NoLeak LowTemp okH2 ~l {112, 62}
834. NoLeak LowTemp NoLeakH2 okH1 ~l V1 {112, 69}
835. NoLeak LowTemp NoLeakH2 ~l V1 {112, 79}
836. ~NoLeak ReactorUnitSafe ~NoLeakH1 NoLeakH2 okH1 okH2 ~l V1 V2 {112, 81}
837. NoLeak LowTemp ~NoLeakH1 NoLeakH2 okH2 {112, 85}
838. NoLeakH1 NoLeakH2 okH2 ~l {113, 22}
839. ~LowTemp ReactorUnitSafe ~okH1 okH2 ~l ~V1 {113, 52}
840. ~LowTemp ReactorUnitSafe ~NoLeakH1 NoLeakH2 ~l ~V1 {113, 54}
841. NoLeak NoLeakH2 ~okH1 ~l ~V1 {113, 60}
842. NoLeak okH2 ~l ~V1 {113, 62}
843. NoLeak NoLeakH2 okH1 okH2 ~l V2 {113, 70}
844. NoLeak NoLeakH2 okH2 ~l V2 {113, 88}
845. NoLeak ReactorUnitSafe ~NoLeakH1 ~okH1 okH2 ~l ~V1 V2 {114, 55}
846. NoLeak LowTemp ReactorUnitSafe ~NoLeakH1 ~NoLeakH2 ~okH1 okH2 ~V1 {114, 57}
847. NoLeak LowTemp ~NoLeakH2 ~okH1 okH2 ~l {114, 73}
848. NoLeak LowTemp NoLeakH1 ~okH1 okH2 ~V1 {114, 75}
849. NoLeak LowTemp ~NoLeakH1 ~okH1 okH2 ~V1 {114, 85}
850. NoLeak LowTemp ~okH1 okH2 ~l V2 {114, 88}
851. LowTemp ReactorUnitSafe NoLeakH2 ~okH1 okH2 ~l ~V1 {114, 96}
852. LowTemp ReactorUnitSafe NoLeakH1 ~okH1 okH2 ~l ~V1 ~V2 {114, 100}
853. NoLeak LowTemp ReactorUnitSafe ~NoLeakH1 ~okH1 ~l ~V1 ~V2 {114, 101}
854. NoLeak LowTemp NoLeakH1 NoLeakH2 okH2 ~l ~V1 {114, 103}
855. NoLeak LowTemp NoLeakH1 NoLeakH2 ~okH1 ~l {115, 60}
856. NoLeak LowTemp NoLeakH1 okH2 ~l {115, 62}
857. NoLeak LowTemp NoLeakH1 NoLeakH2 ~l V1 {115, 79}
858. NoLeak LowTemp NoLeakH2 okH2 ~l ~V1 {115, 84}
859. NoLeak LowTemp NoLeakH2 okH2 ~l {115, 87}
860. NoLeak LowTemp NoLeakH2 ~l ~V1 {116, 39}
861. NoLeak ReactorUnitSafe ~NoLeakH1 NoLeakH2 okH2 ~l ~V1 V2 {116, 55}
862. NoLeak LowTemp ~NoLeakH1 NoLeakH2 okH1 okH2 ~l V2 {116, 70}
863. NoLeak LowTemp NoLeakH2 ~l ~V1 ~V2 {116, 74}
864. NoLeak LowTemp ~NoLeakH1 NoLeakH2 ~okH2 ~l {116, 79}
865. NoLeak LowTemp ~NoLeakH1 NoLeakH2 okH2 ~l V2 {116, 88}
866. NoLeak ReactorUnitSafe ~NoLeakH1 NoLeakH2 ~l ~V1 V2 {116, 92}
867. NoLeak LowTemp ~NoLeakH1 NoLeakH2 okH1 ~l V2 {116, 94}
868. LowTemp ReactorUnitSafe ~NoLeakH1 NoLeakH2 ~l ~V1 {116, 102}
869. NoLeak LowTemp NoLeakH2 okH1 ~l ~V1 {116, 109}
870. ~NoLeak ReactorUnitSafe ~NoLeakH1 ~NoLeakH2 okH1 okH2 l ~V1 V2 {117, 9}
871. ~NoLeak ~LowTemp ReactorUnitSafe ~NoLeakH1 ~NoLeakH2 okH1 okH2 V2 {117, 11}
872. ~NoLeak ReactorUnitSafe ~NoLeakH1 ~NoLeakH2 okH1 okH2 l V2 {117, 41}
873. ~NoLeak ~LowTemp ReactorUnitSafe ~NoLeakH1 ~NoLeakH2 okH2 l V2 {117, 52}
874. ~NoLeak ReactorUnitSafe NoLeakH1 okH1 {118, 11}
875. ~NoLeak ~LowTemp ReactorUnitSafe NoLeakH1 ~NoLeakH2 l {118, 52}
876. ~NoLeak ~LowTemp ReactorUnitSafe okH1 ~okH2 l {118, 54}
877. ~NoLeak ReactorUnitSafe ~NoLeakH2 okH1 l ~V1 {118, 57}
878. ~NoLeak ReactorUnitSafe ~NoLeakH2 okH1 l ~V2 {118, 58}
879. ReactorUnitSafe NoLeakH1 ~NoLeakH2 okH1 l {118, 62}
880. ReactorUnitSafe NoLeakH1 okH1 ~okH2 l V1 {118, 69}
881. ReactorUnitSafe NoLeakH1 okH1 okH2 l V1 V2 {118, 70}
882. LowTemp ReactorUnitSafe NoLeakH1 ~NoLeakH2 okH1 l {118, 72}
883. ~NoLeak ~LowTemp ReactorUnitSafe okH1 l V2 {118, 92}
884. ReactorUnitSafe NoLeakH1 okH1 l V1 V2 {118, 94}
885. ~NoLeak ReactorUnitSafe NoLeakH1 NoLeakH2 okH1 okH2 ~V1 {118, 96}
886. ~NoLeak ReactorUnitSafe NoLeakH1 NoLeakH2 okH1 ~V1 {118, 102}
887. ~NoLeak LowTemp ReactorUnitSafe NoLeakH1 NoLeakH2 okH1 okH2 {118, 103}
888. ~NoLeak LowTemp ReactorUnitSafe NoLeakH1 NoLeakH2 okH1 {118, 109}
889. ~NoLeak ReactorUnitSafe {119, 14}
890. ~NoLeak ReactorUnitSafe NoLeakH1 {119, 22}
891. ~NoLeak ~LowTemp ReactorUnitSafe ~NoLeakH2 okH1 {119, 53}
892. ReactorUnitSafe ~okH1 ~okH2 ~V1 {119, 60}
893. ReactorUnitSafe ~okH1 okH2 ~V1 V2 {119, 61}
894. ReactorUnitSafe ~NoLeakH2 ~V1 {119, 62}
895. ~NoLeak ~LowTemp ReactorUnitSafe ~NoLeakH2 okH1 okH2 V2 {119, 66}
896. ~NoLeak ~LowTemp ReactorUnitSafe ~NoLeakH2 {119, 76}
897. ReactorUnitSafe ~NoLeakH1 NoLeakH2 ~V1 V2 {119, 77}
898. ~NoLeak ~LowTemp ReactorUnitSafe ~NoLeakH1 okH1 okH2 V2 {119, 81}
899. LowTemp ReactorUnitSafe ~NoLeakH1 okH2 ~l ~V1 {119, 84}
900. ReactorUnitSafe ~NoLeakH1 okH2 ~V1 {119, 87}
901. ReactorUnitSafe ~okH1 ~V1 V2 {119, 93}
902. LowTemp ReactorUnitSafe ~okH1 okH2 ~l ~V1 {119, 114}
903. ReactorUnitSafe ~okH1 ~okH2 l {120, 60}
904. ReactorUnitSafe ~okH1 okH2 l V2 {120, 61}
905. ReactorUnitSafe ~NoLeakH2 l {120, 62}
906. ReactorUnitSafe okH1 ~okH2 l V1 {120, 69}
907. ReactorUnitSafe okH1 okH2 l V1 V2 {120, 70}
908. LowTemp ReactorUnitSafe ~NoLeakH2 okH1 l {120, 72}
909. ReactorUnitSafe ~okH2 l V1 {120, 79}
910. LowTemp ReactorUnitSafe ~NoLeakH1 okH2 l {120, 85}
911. ReactorUnitSafe ~NoLeakH1 okH2 l {120, 87}
912. ReactorUnitSafe okH2 l V1 V2 {120, 88}
913. ReactorUnitSafe ~okH1 l V2 {120, 93}
914. ReactorUnitSafe okH1 l V1 V2 {120, 94}
915. ~NoLeak LowTemp ReactorUnitSafe NoLeakH2 okH2 {120, 112}
916. ~NoLeak LowTemp ReactorUnitSafe NoLeakH1 NoLeakH2 okH2 {120, 115}
917. LowTemp ReactorUnitSafe NoLeakH1 ~NoLeakH2 l ~V1 {121, 31}
918. LowTemp ReactorUnitSafe ~okH1 okH2 l ~V1 {121, 34}
919. ReactorUnitSafe ~okH1 okH2 l ~V1 {121, 43}
920. NoLeak ReactorUnitSafe NoLeakH1 ~NoLeakH2 ~okH1 l {121, 59}
921. NoLeak ~LowTemp ReactorUnitSafe ~NoLeakH1 ~NoLeakH2 ~okH1 okH2 l V2 {121, 63}
922. ~NoLeak ~LowTemp ReactorUnitSafe NoLeakH1 ~NoLeakH2 ~okH1 okH2 l V2 {121, 64}
923. NoLeak LowTemp ReactorUnitSafe ~NoLeakH2 l ~V1 {121, 72}
924. NoLeak ReactorUnitSafe ~NoLeakH2 ~okH1 l {121, 73}
925. ~LowTemp ReactorUnitSafe ~NoLeakH2 ~okH1 l {121, 76}
926. NoLeak ReactorUnitSafe ~NoLeakH1 ~okH1 l ~V1 V2 {121, 77}
927. NoLeak ReactorUnitSafe ~NoLeakH2 ~okH1 ~okH2 l {121, 79}
928. NoLeak ReactorUnitSafe ~NoLeakH2 ~okH1 okH2 l V2 {121, 88}
929. LowTemp ReactorUnitSafe ~okH1 l ~V1 {121, 90}
930. ReactorUnitSafe ~okH1 l ~V1 {121, 91}
931. ~NoLeak ReactorUnitSafe NoLeakH1 ~NoLeakH2 ~okH1 ~V1 ~V2 {121, 100}
932. ReactorUnitSafe ~NoLeakH1 ~NoLeakH2 ~okH1 ~okH2 ~V1 ~V2 {121, 101}
933. LowTemp ReactorUnitSafe NoLeakH1 ~NoLeakH2 l ~V1 ~V2 {121, 104}
934. NoLeak LowTemp ReactorUnitSafe NoLeakH1 ~NoLeakH2 ~okH1 ~V1 ~V2 {121, 107}
935. LowTemp ReactorUnitSafe ~okH1 okH2 l ~V1 ~V2 {121, 111}
936. NoLeak LowTemp ReactorUnitSafe ~NoLeakH2 ~okH1 okH2 ~V1 {121, 114}
937. ~NoLeak ~LowTemp ReactorUnitSafe ~NoLeakH1 ~NoLeakH2 okH2 l ~V1 V2 {121, 117}
938. ~NoLeak ReactorUnitSafe NoLeakH1 ~NoLeakH2 l ~V1 {121, 118}
939. ~NoLeak ReactorUnitSafe ~NoLeakH2 okH1 okH2 l ~V1 V2 {122, 9}
940. ~NoLeak ReactorUnitSafe NoLeakH1 ~NoLeakH2 okH1 okH2 l V2 {122, 31}
941. ~NoLeak ReactorUnitSafe ~NoLeakH2 okH1 okH2 l V2 {122, 41}
942. ~NoLeak ~LowTemp ReactorUnitSafe ~NoLeakH2 okH2 l V2 {122, 52}
943. ~NoLeak ~LowTemp ReactorUnitSafe ~NoLeakH2 okH2 l ~V1 V2 {122, 121}
944. ~NoLeak ~LowTemp ReactorUnitSafe ~okH2 l {123, 54}
945. ~NoLeak ~LowTemp ReactorUnitSafe okH2 l V2 {123, 55}
946. ~NoLeak ReactorUnitSafe ~NoLeakH2 l ~V1 {123, 57}
947. ~NoLeak ReactorUnitSafe ~NoLeakH2 l ~V2 {123, 58}
948. ReactorUnitSafe NoLeakH1 ~okH1 ~okH2 l {123, 60}
949. ReactorUnitSafe NoLeakH1 ~okH1 okH2 l V2 {123, 61}
950. ReactorUnitSafe NoLeakH1 ~NoLeakH2 l {123, 62}
951. ReactorUnitSafe NoLeakH1 ~okH2 l V1 {123, 79}
952. ReactorUnitSafe NoLeakH1 okH2 l V1 V2 {123, 88}
953. ~NoLeak ~LowTemp ReactorUnitSafe l V2 {123, 92}
954. ReactorUnitSafe NoLeakH1 ~okH1 l V2 {123, 93}
955. ~NoLeak ReactorUnitSafe NoLeakH1 NoLeakH2 okH2 ~V1 {123, 96}
956. ~NoLeak ReactorUnitSafe NoLeakH1 NoLeakH2 ~V1 {123, 102}
957. LowTemp ReactorUnitSafe okH1 ~okH2 l ~V1 {124, 31}
958. LowTemp ReactorUnitSafe ~NoLeakH1 NoLeakH2 l ~V1 {124, 34}
959. ~NoLeak ~LowTemp ReactorUnitSafe ~NoLeakH1 ~NoLeakH2 okH1 ~okH2 l V2 {124, 38}
960. ReactorUnitSafe ~okH2 l ~V1 {124, 39}
961. ReactorUnitSafe ~NoLeakH1 NoLeakH2 l ~V1 {124, 43}
962. ~LowTemp ReactorUnitSafe ~NoLeakH1 ~NoLeakH2 okH1 ~okH2 l V2 {124, 50}
963. ~LowTemp ReactorUnitSafe ~NoLeakH1 ~NoLeakH2 okH1 ~okH2 l {124, 53}
964. ~LowTemp ReactorUnitSafe ~NoLeakH1 l ~V1 V2 {124, 55}
965. NoLeak ReactorUnitSafe ~NoLeakH1 okH1 ~okH2 l {124, 69}
966. LowTemp ReactorUnitSafe ~okH2 l ~V1 {124, 75}
967. ~LowTemp ReactorUnitSafe ~NoLeakH1 ~NoLeakH2 ~okH2 l {124, 76}
968. NoLeak ~LowTemp ReactorUnitSafe ~NoLeakH1 ~NoLeakH2 okH1 ~okH2 l V2 {124, 78}
969. NoLeak ReactorUnitSafe ~NoLeakH1 ~okH2 l {124, 79}
970. ~NoLeak ~LowTemp ReactorUnitSafe ~NoLeakH1 NoLeakH2 okH1 ~okH2 l V2 {124, 80}
971. ~NoLeak ~LowTemp ReactorUnitSafe ~NoLeakH1 okH1 ~okH2 l V2 {124, 82}
972. NoLeak LowTemp ReactorUnitSafe ~NoLeakH1 l ~V1 {124, 85}
973. NoLeak ReactorUnitSafe ~NoLeakH1 l ~V1 {124, 87}
974. LowTemp ReactorUnitSafe ~NoLeakH1 NoLeakH2 ~okH2 ~V1 {124, 89}
975. NoLeak ReactorUnitSafe ~NoLeakH1 okH1 ~okH2 l V2 {124, 94}
976. ~NoLeak ReactorUnitSafe ~NoLeakH1 NoLeakH2 ~okH2 ~V1 {124, 102}
977. LowTemp ReactorUnitSafe okH1 ~okH2 l ~V1 ~V2 {124, 104}
978. NoLeak LowTemp ReactorUnitSafe ~NoLeakH1 okH1 ~okH2 ~V1 ~V2 {124, 108}
979. LowTemp ReactorUnitSafe ~NoLeakH1 NoLeakH2 l ~V1 ~V2 {124, 111}
980. NoLeak LowTemp ReactorUnitSafe ~NoLeakH1 NoLeakH2 ~okH2 ~V1 {124, 116}
981. ~NoLeak ~LowTemp ReactorUnitSafe ~NoLeakH1 ~NoLeakH2 okH1 l ~V1 V2 {124, 117}
982. ~NoLeak ReactorUnitSafe okH1 ~okH2 l ~V1 {124, 118}
983. ~NoLeak ReactorUnitSafe ~okH2 l ~V1 {124, 123}
984. ~NoLeak ReactorUnitSafe ~NoLeakH1 okH1 okH2 l ~V1 V2 {125, 9}
985. ~NoLeak ReactorUnitSafe ~NoLeakH1 NoLeakH2 okH1 okH2 l V2 {125, 34}
986. ~NoLeak ReactorUnitSafe ~NoLeakH1 okH1 okH2 l V2 {125, 41}
987. ~LowTemp ReactorUnitSafe ~NoLeakH1 NoLeakH2 okH1 okH2 l V2 {125, 77}
988. ~NoLeak ~LowTemp ReactorUnitSafe ~NoLeakH1 NoLeakH2 okH1 okH2 ~V1 V2 {125, 96}
989. ~NoLeak ReactorUnitSafe ~NoLeakH1 NoLeakH2 okH1 okH2 l ~V1 V2 {125, 110}
990. ~NoLeak ~LowTemp ReactorUnitSafe ~NoLeakH1 okH1 l ~V1 V2 {125, 124}
991. LowTemp ReactorUnitSafe ~NoLeakH1 NoLeakH2 okH2 ~V1 V2 {126, 29}
992. LowTemp ReactorUnitSafe okH1 okH2 l ~V1 V2 {126, 31}
993. ~NoLeak ReactorUnitSafe ~NoLeakH1 okH2 l ~V1 {126, 33}
994. ReactorUnitSafe okH2 l ~V1 V2 {126, 39}
995. ReactorUnitSafe ~NoLeakH1 ~NoLeakH2 okH2 l ~V1 {126, 58}
996. NoLeak ReactorUnitSafe ~NoLeakH1 okH1 okH2 l V2 {126, 70}
997. LowTemp ReactorUnitSafe okH2 l ~V1 V2 {126, 75}
998. ~LowTemp ReactorUnitSafe ~NoLeakH1 ~NoLeakH2 okH2 l V2 {126, 76}
999. NoLeak ~LowTemp ReactorUnitSafe ~NoLeakH1 ~NoLeakH2 okH1 okH2 l V2 {126, 78}
1000. ~NoLeak ~LowTemp ReactorUnitSafe ~NoLeakH1 NoLeakH2 okH1 okH2 l V2 {126, 80}
1001. NoLeak LowTemp ReactorUnitSafe ~NoLeakH1 okH2 ~V1 V2 {126, 84}
1002. ~NoLeak ReactorUnitSafe ~NoLeakH1 NoLeakH2 okH2 ~V1 V2 {126, 96}
1003. ~NoLeak LowTemp ReactorUnitSafe ~NoLeakH1 okH2 l ~V1 {126, 97}
1004. LowTemp ReactorUnitSafe ~NoLeakH1 NoLeakH2 okH2 l ~V1 {126, 111}
1005. NoLeak LowTemp ReactorUnitSafe ~NoLeakH1 ~okH1 okH2 ~V1 V2 {126, 114}
1006. NoLeak LowTemp ReactorUnitSafe ~NoLeakH1 NoLeakH2 okH2 ~V1 V2 {126, 116}
1007. ~NoLeak ReactorUnitSafe okH1 okH2 l ~V1 V2 {126, 118}
1008. ~NoLeak ReactorUnitSafe okH2 l ~V1 V2 {126, 123}
1009. ~NoLeak ~LowTemp ReactorUnitSafe ~NoLeakH1 ~NoLeakH2 okH1 okH2 l ~V2 {127, 42}
1010. ~NoLeak ~LowTemp ReactorUnitSafe ~NoLeakH2 okH1 ~V2 {127, 53}
1011. ~NoLeak ~LowTemp ReactorUnitSafe ~NoLeakH1 okH2 ~V1 {127, 55}
1012. ReactorUnitSafe ~okH1 ~okH2 ~V1 ~V2 {127, 60}
1013. ReactorUnitSafe ~NoLeakH2 ~V1 ~V2 {127, 62}
1014. ~NoLeak ~LowTemp ReactorUnitSafe ~NoLeakH2 okH1 okH2 l ~V2 {127, 68}
1015. ~NoLeak ~LowTemp ReactorUnitSafe ~NoLeakH2 ~V2 {127, 76}
1016. ~NoLeak ~LowTemp ReactorUnitSafe ~NoLeakH1 okH1 okH2 l ~V2 {127, 83}
1017. ReactorUnitSafe ~NoLeakH1 okH2 ~V1 ~V2 {127, 87}
1018. ~NoLeak ~LowTemp ReactorUnitSafe ~NoLeakH1 ~V1 {127, 92}
1019. ~NoLeak ~LowTemp ReactorUnitSafe ~NoLeakH1 ~NoLeakH2 okH1 okH2 l ~V1 {127, 117}
1020. ~NoLeak ~LowTemp ReactorUnitSafe ~NoLeakH2 okH1 okH2 l ~V1 {127, 122}
1021. ~NoLeak ~LowTemp ReactorUnitSafe ~NoLeakH1 okH1 okH2 l ~V1 {127, 125}
1022. ~NoLeak LowTemp ReactorUnitSafe ~NoLeakH2 okH1 ~l ~V1 ~V2 {128, 56}
1023. ~NoLeak LowTemp ReactorUnitSafe ~NoLeakH2 okH1 l ~V1 ~V2 {128, 57}
1024. LowTemp ReactorUnitSafe NoLeakH1 ~NoLeakH2 okH1 ~V1 ~V2 {128, 62}
1025. LowTemp ReactorUnitSafe NoLeakH1 ~NoLeakH2 okH1 ~l ~V1 ~V2 {128, 71}
1026. LowTemp ReactorUnitSafe NoLeakH1 ~NoLeakH2 okH1 l ~V1 ~V2 {128, 72}
1027. ~NoLeak LowTemp ReactorUnitSafe NoLeakH1 ~NoLeakH2 ~l ~V1 ~V2 {128, 99}
1028. ~NoLeak LowTemp ReactorUnitSafe okH1 ~okH2 ~l ~V1 ~V2 {128, 101}
1029. LowTemp ReactorUnitSafe NoLeakH1 okH1 ~okH2 ~l ~V1 ~V2 {128, 108}
1030. ~NoLeak LowTemp ReactorUnitSafe NoLeakH1 ~NoLeakH2 l ~V1 ~V2 {128, 121}
1031. ~NoLeak LowTemp ReactorUnitSafe okH1 ~okH2 l ~V1 ~V2 {128, 124}
1032. ~NoLeak LowTemp ReactorUnitSafe ~NoLeakH1 okH2 ~l ~V1 ~V2 {129, 56}
1033. ~NoLeak LowTemp ReactorUnitSafe ~NoLeakH1 okH2 l ~V1 ~V2 {129, 58}
1034. LowTemp ReactorUnitSafe NoLeakH2 ~okH1 okH2 ~V1 V2 {129, 61}
1035. LowTemp ReactorUnitSafe ~NoLeakH1 NoLeakH2 okH2 ~V1 {129, 87}
1036. ~NoLeak LowTemp ReactorUnitSafe ~okH1 okH2 ~l ~V1 ~V2 {129, 99}
1037. ~NoLeak LowTemp ReactorUnitSafe ~NoLeakH1 NoLeakH2 ~l ~V1 ~V2 {129, 101}
1038. ~NoLeak LowTemp ReactorUnitSafe ~okH1 okH2 l ~V1 {129, 121}
1039. ~NoLeak LowTemp ReactorUnitSafe ~NoLeakH1 NoLeakH2 l ~V1 {129, 124}
1040. NoLeakH1 okH1 {130, 16}
1041. ReactorUnitSafe NoLeakH1 ~NoLeakH2 okH1 V1 {130, 53}
1042. NoLeak LowTemp NoLeakH1 ~okH2 {130, 60}
1043. NoLeak LowTemp NoLeakH1 okH2 V2 {130, 61}
1044. ~NoLeak ReactorUnitSafe NoLeakH1 ~NoLeakH2 okH1 okH2 V1 V2 {130, 66}
1045. NoLeak LowTemp NoLeakH2 okH1 V2 {130, 77}
1046. NoLeak LowTemp okH1 okH2 ~l ~V1 {130, 84}
1047. NoLeak LowTemp okH1 okH2 {130, 87}
1048. NoLeak LowTemp NoLeakH1 V2 {130, 93}
1049. NoLeak LowTemp NoLeakH1 okH2 ~l ~V1 {130, 114}
1050. ~LowTemp ReactorUnitSafe NoLeakH1 ~NoLeakH2 l {131, 52}
1051. ~LowTemp ReactorUnitSafe okH1 ~okH2 l {131, 54}
1052. ~LowTemp ReactorUnitSafe okH1 okH2 l V2 {131, 55}
1053. ReactorUnitSafe ~NoLeakH2 okH1 l ~V1 {131, 57}
1054. ReactorUnitSafe ~NoLeakH2 okH1 l ~V2 {131, 58}
1055. NoLeak NoLeakH1 ~okH2 l {131, 60}
1056. NoLeak NoLeakH1 okH2 l V2 {131, 61}
1057. NoLeak NoLeakH2 okH1 l V2 {131, 77}
1058. NoLeak okH1 okH2 l {131, 87}
1059. ~LowTemp ReactorUnitSafe okH1 l V2 {131, 92}
1060. NoLeak NoLeakH1 l V2 {131, 93}
1061. NoLeakH1 NoLeakH2 okH1 okH2 ~V1 {131, 113}
1062. ReactorUnitSafe NoLeakH1 ~NoLeakH2 l ~V1 {131, 121}
1063. ReactorUnitSafe okH1 ~okH2 l ~V1 {131, 124}
1064. ReactorUnitSafe okH1 okH2 l ~V1 V2 {131, 126}
1065. LowTemp ReactorUnitSafe NoLeakH1 ~NoLeakH2 l ~V2 {132, 33}
1066. NoLeak LowTemp NoLeakH1 okH2 l {132, 34}
1067. NoLeak ReactorUnitSafe NoLeakH1 ~NoLeakH2 okH1 okH2 l V1 V2 {132, 47}
1068. NoLeak ReactorUnitSafe NoLeakH1 ~NoLeakH2 okH1 l V1 {132, 53}
1069. NoLeak LowTemp ReactorUnitSafe ~NoLeakH2 l ~V2 {132, 58}
1070. NoLeak ReactorUnitSafe NoLeakH1 ~NoLeakH2 l V1 {132, 76}
1071. NoLeak LowTemp ~NoLeakH2 okH2 l {132, 85}
1072. NoLeak LowTemp NoLeakH1 l {132, 90}
1073. NoLeak LowTemp NoLeakH1 ~NoLeakH2 okH1 ~okH2 ~V2 {132, 108}
1074. NoLeak LowTemp NoLeakH1 okH2 l ~V1 {132, 110}
1075. NoLeak LowTemp NoLeakH1 okH2 l ~V1 ~V2 {132, 111}
1076. NoLeak LowTemp NoLeakH1 ~NoLeakH2 ~okH1 okH2 ~V1 {132, 114}
1077. LowTemp ReactorUnitSafe NoLeakH1 ~NoLeakH2 l {132, 120}
1078. NoLeak LowTemp ReactorUnitSafe ~NoLeakH2 ~okH2 l ~V1 {132, 124}
1079. NoLeak LowTemp ReactorUnitSafe ~NoLeakH2 okH2 l ~V1 V2 {132, 126}
1080. ~NoLeak LowTemp ReactorUnitSafe NoLeakH1 ~NoLeakH2 okH1 okH2 l V2 {133, 9}
1081. ~NoLeak LowTemp ReactorUnitSafe NoLeakH1 ~NoLeakH2 okH1 okH2 l V1 {133, 10}
1082. ~NoLeak LowTemp ReactorUnitSafe NoLeakH1 okH1 okH2 l V1 V2 {133, 34}
1083. LowTemp ReactorUnitSafe NoLeakH1 ~NoLeakH2 okH1 okH2 l V1 V2 {133, 72}
1084. LowTemp ReactorUnitSafe okH1 ~okH2 l ~V2 {134, 33}
1085. NoLeak LowTemp NoLeakH2 okH1 l {134, 34}
1086. NoLeak ReactorUnitSafe ~NoLeakH1 ~NoLeakH2 okH1 ~okH2 l V1 V2 {134, 50}
1087. NoLeak ReactorUnitSafe ~NoLeakH2 okH1 ~okH2 l V1 {134, 53}
1088. NoLeak LowTemp okH1 l V1 V2 {134, 70}
1089. NoLeak LowTemp ~NoLeakH1 okH1 l {134, 85}
1090. NoLeak LowTemp NoLeakH2 okH1 ~okH2 ~V1 {134, 89}
1091. NoLeak LowTemp ~okH2 l V2 {134, 93}
1092. NoLeak LowTemp NoLeakH1 NoLeakH2 okH1 ~okH2 {134, 109}
1093. NoLeak LowTemp NoLeakH2 okH1 l ~V1 {134, 110}
1094. NoLeak LowTemp NoLeakH2 okH1 l ~V1 ~V2 {134, 111}
1095. NoLeak LowTemp ~NoLeakH1 NoLeakH2 okH1 ~okH2 ~V1 {134, 116}
1096. LowTemp ReactorUnitSafe NoLeakH1 okH1 ~okH2 l {134, 118}
1097. LowTemp ReactorUnitSafe okH1 ~okH2 l {134, 120}
1098. NoLeak LowTemp ReactorUnitSafe ~NoLeakH1 okH1 l ~V1 V2 {134, 126}
1099. LowTemp ReactorUnitSafe NoLeakH1 okH1 ~okH2 l ~V1 ~V2 {134, 128}
1100. NoLeak LowTemp NoLeakH2 okH1 okH2 ~V1 V2 {135, 29}
1101. NoLeak LowTemp ReactorUnitSafe ~NoLeakH1 ~NoLeakH2 okH1 okH2 l {135, 58}
1102. NoLeak LowTemp ~NoLeakH1 okH1 okH2 ~V1 V2 {135, 84}
1103. NoLeak LowTemp NoLeakH1 NoLeakH2 okH1 okH2 V2 {135, 103}
1104. NoLeak LowTemp NoLeakH1 okH1 okH2 l ~V1 {135, 104}
1105. NoLeak LowTemp NoLeakH1 okH1 okH2 l {135, 105}
1106. NoLeak LowTemp NoLeakH2 okH1 okH2 l ~V1 {135, 111}
1107. NoLeak LowTemp ~NoLeakH1 NoLeakH2 okH1 okH2 ~V1 V2 {135, 116}
1108. LowTemp ReactorUnitSafe NoLeakH1 okH1 okH2 l V2 {135, 118}
1109. LowTemp ReactorUnitSafe okH1 okH2 l V2 {135, 120}
1110. LowTemp ReactorUnitSafe NoLeakH2 okH1 okH2 l ~V1 V2 {135, 129}
1111. NoLeak LowTemp NoLeakH1 NoLeakH2 okH2 ~V1 V2 {136, 61}
1112. NoLeak LowTemp NoLeakH1 okH1 okH2 ~V1 {136, 62}
1113. NoLeak LowTemp NoLeakH1 okH1 okH2 ~l ~V1 ~V2 {136, 71}
1114. NoLeak LowTemp NoLeakH2 okH1 okH2 ~V1 {136, 87}
1115. NoLeak LowTemp NoLeakH1 NoLeakH2 okH1 ~l ~V1 ~V2 {136, 108}
1116. NoLeak LowTemp NoLeakH1 NoLeakH2 okH1 l ~V1 {136, 134}
1117. NoLeak ~NoLeakH2 okH1 ~V2 {137, 21}
1118. NoLeakH1 ~V2 {137, 22}
1119. NoLeak ~NoLeakH1 okH2 ~V1 {137, 25}
1120. NoLeakH2 ~V1 {137, 26}
1121. ~LowTemp ReactorUnitSafe ~NoLeakH1 ~NoLeakH2 okH1 okH2 l ~V2 {137, 51}
1122. ~LowTemp ReactorUnitSafe ~NoLeakH2 okH1 ~V2 {137, 53}
1123. ~LowTemp ReactorUnitSafe ~NoLeakH1 okH2 ~V1 {137, 55}
1124. NoLeak NoLeakH1 ~NoLeakH2 ~V2 {137, 59}
1125. NoLeak ~okH1 okH2 ~V1 {137, 61}
1126. NoLeak okH1 ~okH2 ~V2 {137, 69}
1127. NoLeak ~NoLeakH2 ~V2 {137, 73}
1128. ~LowTemp ReactorUnitSafe ~NoLeakH2 ~V2 {137, 76}
1129. NoLeak ~NoLeakH1 NoLeakH2 ~V1 {137, 77}
1130. NoLeak ~okH2 ~V2 {137, 79}
1131. NoLeak ~NoLeakH1 ~V1 {137, 86}
1132. ~LowTemp ReactorUnitSafe ~NoLeakH1 ~V1 {137, 92}
1133. NoLeak ~okH1 ~V1 {137, 93}
1134. NoLeak ReactorUnitSafe ~NoLeakH1 ~NoLeakH2 okH1 ~V2 {138, 21}
1135. NoLeak ReactorUnitSafe ~NoLeakH1 ~NoLeakH2 okH2 ~V1 {138, 25}
1136. ~LowTemp ReactorUnitSafe ~NoLeakH1 ~NoLeakH2 okH1 ~V2 {138, 53}
1137. ~LowTemp ReactorUnitSafe ~NoLeakH1 ~NoLeakH2 okH2 ~V1 {138, 55}
1138. NoLeak ReactorUnitSafe ~NoLeakH1 ~NoLeakH2 ~okH1 okH2 ~V1 {138, 61}
1139. NoLeak ReactorUnitSafe ~NoLeakH1 ~NoLeakH2 okH1 ~okH2 ~V2 {138, 69}
1140. NoLeak ReactorUnitSafe ~NoLeakH1 ~NoLeakH2 ~V2 {138, 73}
1141. LowTemp ReactorUnitSafe ~NoLeakH2 l ~V1 ~V2 {138, 75}
1142. ~LowTemp ReactorUnitSafe ~NoLeakH1 ~NoLeakH2 ~V2 {138, 76}
1143. NoLeak ReactorUnitSafe ~NoLeakH1 ~NoLeakH2 ~okH2 ~V2 {138, 79}
1144. NoLeak ReactorUnitSafe ~NoLeakH1 ~NoLeakH2 ~V1 {138, 86}
1145. LowTemp ReactorUnitSafe ~NoLeakH1 l ~V1 ~V2 {138, 90}
1146. ReactorUnitSafe ~NoLeakH1 ~V1 ~V2 {138, 91}
1147. ~LowTemp ReactorUnitSafe ~NoLeakH1 ~NoLeakH2 ~V1 {138, 92}
1148. NoLeak ReactorUnitSafe ~NoLeakH1 ~NoLeakH2 ~okH1 ~V1 {138, 93}
1149. LowTemp ReactorUnitSafe ~NoLeakH2 okH1 ~V1 ~V2 {138, 104}
1150. ~NoLeak ReactorUnitSafe ~NoLeakH2 okH1 l ~V1 ~V2 {138, 118}
1151. ~NoLeak ReactorUnitSafe ~NoLeakH2 l ~V1 ~V2 {138, 123}
1152. ~NoLeak LowTemp ReactorUnitSafe ~NoLeakH2 okH1 ~V1 ~V2 {138, 128}
1153. ~NoLeak LowTemp ReactorUnitSafe ~NoLeakH1 okH2 ~V1 ~V2 {138, 129}
1154. ReactorUnitSafe ~NoLeakH2 okH1 l ~V1 ~V2 {138, 131}
1155. NoLeak LowTemp ReactorUnitSafe ~NoLeakH2 l ~V1 ~V2 {138, 132}
1156. NoLeak LowTemp ReactorUnitSafe ~NoLeakH1 ~NoLeakH2 okH1 okH2 l ~V1 {138, 135}
1157. NoLeak LowTemp ~NoLeakH1 ~NoLeakH2 okH1 okH2 {139, 25}
1158. NoLeak ReactorUnitSafe ~NoLeakH1 ~NoLeakH2 okH1 okH2 l V1 ~V2 {139, 51}
1159. NoLeak ReactorUnitSafe ~NoLeakH2 okH1 V1 ~V2 {139, 53}
1160. NoLeak LowTemp ~NoLeakH2 ~okH2 ~V2 {139, 60}
1161. NoLeak LowTemp ~NoLeakH2 okH1 okH2 V1 {139, 70}
1162. NoLeak LowTemp ~NoLeakH1 ~NoLeakH2 okH1 {139, 86}
1163. NoLeak LowTemp okH1 l ~V2 {139, 90}
1164. NoLeak LowTemp okH1 ~V2 {139, 91}
1165. NoLeak LowTemp ~NoLeakH2 okH1 V1 {139, 94}
1166. LowTemp ReactorUnitSafe NoLeakH1 ~NoLeakH2 okH1 l ~V2 {139, 118}
1167. NoLeak LowTemp ~NoLeakH2 okH1 okH2 l {139, 135}
1168. NoLeak LowTemp NoLeakH1 okH1 okH2 ~V1 ~V2 {139, 136}
1169. LowTemp NoLeakH1 NoLeakH2 {140, 26}
1170. ReactorUnitSafe NoLeakH1 ~NoLeakH2 ~okH1 ~V2 {140, 52}
1171. NoLeak LowTemp NoLeakH1 ~okH1 okH2 {140, 61}
1172. ReactorUnitSafe NoLeakH1 ~NoLeakH2 V1 ~V2 {140, 76}
1173. NoLeak LowTemp okH2 l ~V2 {140, 85}
1174. NoLeak LowTemp okH2 ~V2 {140, 87}
1175. NoLeak LowTemp NoLeakH1 okH2 V1 {140, 88}
1176. NoLeak LowTemp NoLeakH1 ~okH1 {140, 93}
1177. LowTemp ReactorUnitSafe ~okH2 l ~V1 ~V2 {140, 124}
1178. NoLeak ReactorUnitSafe ~NoLeakH1 okH2 ~V1 V2 {141, 55}
1179. NoLeak LowTemp ~NoLeakH1 ~okH1 ~V1 {141, 60}
1180. NoLeak LowTemp ~NoLeakH1 okH1 okH2 V2 {141, 70}
1181. NoLeak LowTemp ~NoLeakH1 ~NoLeakH2 okH2 {141, 73}
1182. NoLeak LowTemp okH2 l ~V1 {141, 75}
1183. NoLeak LowTemp ~NoLeakH1 okH2 V2 {141, 88}
1184. LowTemp ReactorUnitSafe ~NoLeakH1 okH2 ~V1 {141, 119}
1185. NoLeak LowTemp okH1 okH2 ~V1 {141, 130}
1186. NoLeak LowTemp ~NoLeakH2 okH2 l ~V1 {141, 132}
1187. NoLeak LowTemp ~NoLeakH1 okH1 l ~V1 {141, 134}
1188. ReactorUnitSafe ~NoLeakH1 NoLeakH2 ~okH2 ~V1 {142, 54}
1189. NoLeak LowTemp ~V1 {142, 62}
1190. NoLeak LowTemp NoLeakH2 okH1 ~okH2 {142, 69}
1191. NoLeak LowTemp okH1 l ~V1 {142, 72}
1192. NoLeak LowTemp NoLeakH2 ~okH2 {142, 79}
1193. NoLeak LowTemp NoLeakH1 l ~V1 {142, 132}
1194. LowTemp ReactorUnitSafe ~NoLeakH1 ~V1 ~V2 {142, 138}
1195. NoLeak LowTemp okH1 ~V1 ~V2 {142, 139}
1196. ~NoLeak ReactorUnitSafe NoLeakH2 okH2 {143, 11}
1197. ~NoLeak ~LowTemp ReactorUnitSafe ~okH1 okH2 l {143, 52}
1198. ~NoLeak ~LowTemp ReactorUnitSafe ~NoLeakH1 NoLeakH2 l {143, 54}
1199. ~NoLeak ReactorUnitSafe ~NoLeakH1 okH2 l ~V2 {143, 58}
1200. ReactorUnitSafe NoLeakH2 ~okH1 okH2 l V2 {143, 61}
1201. ReactorUnitSafe NoLeakH2 okH1 okH2 l V1 V2 {143, 70}
1202. ~NoLeak ~LowTemp ReactorUnitSafe okH2 l V1 {143, 76}
1203. LowTemp ReactorUnitSafe ~NoLeakH1 NoLeakH2 okH2 l {143, 85}
1204. ReactorUnitSafe ~NoLeakH1 NoLeakH2 okH2 l {143, 87}
1205. ReactorUnitSafe NoLeakH2 okH2 l V1 V2 {143, 88}
1206. ~NoLeak ReactorUnitSafe NoLeakH1 NoLeakH2 okH1 okH2 ~V2 {143, 95}
1207. ~NoLeak ReactorUnitSafe NoLeakH2 okH2 ~V2 {143, 98}
1208. ~NoLeak ReactorUnitSafe NoLeakH1 NoLeakH2 okH2 ~V2 {143, 100}
1209. ~NoLeak ReactorUnitSafe ~okH1 okH2 l ~V1 {143, 121}
1210. ~NoLeak ReactorUnitSafe ~NoLeakH1 NoLeakH2 l ~V1 {143, 124}
1211. LowTemp ReactorUnitSafe NoLeakH2 okH1 okH2 l V2 {143, 135}
1212. ~NoLeak ReactorUnitSafe ~NoLeakH1 okH2 l ~V1 ~V2 {143, 138}
1213. ~NoLeak ReactorUnitSafe NoLeakH2 {144, 26}
1214. ~NoLeak ~LowTemp ReactorUnitSafe ~NoLeakH1 okH2 {144, 55}
1215. ReactorUnitSafe ~okH1 ~okH2 ~V2 {144, 60}
1216. ReactorUnitSafe ~NoLeakH2 ~V2 {144, 62}
1217. ReactorUnitSafe okH1 ~okH2 V1 ~V2 {144, 69}
1218. ReactorUnitSafe ~okH2 V1 ~V2 {144, 79}
1219. ReactorUnitSafe ~NoLeakH1 okH2 ~V2 {144, 87}
1220. ~NoLeak ~LowTemp ReactorUnitSafe ~NoLeakH1 {144, 92}
1221. LowTemp ReactorUnitSafe ~NoLeakH2 okH1 ~V2 {144, 139}
1222. LowTemp ReactorUnitSafe ~okH1 okH2 l ~V2 {145, 34}
1223. LowTemp ReactorUnitSafe ~NoLeakH2 ~okH1 ~V2 {145, 40}
1224. ~NoLeak ~LowTemp ReactorUnitSafe ~NoLeakH1 ~NoLeakH2 okH2 l V1 ~V2 {145, 42}
1225. ReactorUnitSafe ~okH1 okH2 l ~V2 {145, 43}
1226. ~LowTemp ReactorUnitSafe ~NoLeakH1 ~NoLeakH2 okH2 l V1 ~V2 {145, 51}
1227. ~LowTemp ReactorUnitSafe ~NoLeakH2 l V1 ~V2 {145, 53}
1228. ~LowTemp ReactorUnitSafe ~NoLeakH1 ~NoLeakH2 ~okH1 okH2 l {145, 55}
1229. NoLeak ReactorUnitSafe ~NoLeakH2 ~okH1 okH2 l {145, 61}
1230. NoLeak ~LowTemp ReactorUnitSafe ~NoLeakH1 ~NoLeakH2 ~okH1 okH2 l V1 {145, 63}
1231. ~NoLeak ~LowTemp ReactorUnitSafe NoLeakH1 ~NoLeakH2 ~okH1 okH2 l V1 {145, 64}
1232. ~NoLeak ~LowTemp ReactorUnitSafe ~NoLeakH2 okH2 l V1 ~V2 {145, 68}
1233. NoLeak ReactorUnitSafe ~NoLeakH2 ~okH2 l V1 ~V2 {145, 69}
1234. LowTemp ReactorUnitSafe NoLeakH1 ~NoLeakH2 ~okH1 ~V2 {145, 74}
1235. NoLeak ReactorUnitSafe ~NoLeakH2 ~okH1 okH2 l V1 {145, 88}
1236. LowTemp ReactorUnitSafe ~okH1 l ~V2 {145, 90}
1237. ReactorUnitSafe ~okH1 l ~V2 {145, 91}
1238. ~LowTemp ReactorUnitSafe ~NoLeakH1 ~NoLeakH2 ~okH1 l {145, 92}
1239. ~NoLeak ReactorUnitSafe ~NoLeakH2 ~okH1 ~V2 {145, 98}
1240. ~NoLeak ReactorUnitSafe NoLeakH1 ~NoLeakH2 ~okH1 ~V2 {145, 100}
1241. NoLeak LowTemp ReactorUnitSafe NoLeakH1 ~NoLeakH2 ~okH1 ~V2 {145, 107}
1242. NoLeak LowTemp ReactorUnitSafe ~NoLeakH2 ~okH1 okH2 ~V1 ~V2 {145, 114}
1243. ~NoLeak ReactorUnitSafe NoLeakH1 ~NoLeakH2 l ~V2 {145, 118}
1244. ReactorUnitSafe ~NoLeakH1 ~NoLeakH2 ~okH1 okH2 l ~V1 {145, 126}
1245. ~NoLeak LowTemp ReactorUnitSafe ~okH1 okH2 l ~V1 ~V2 {145, 129}
1246. ReactorUnitSafe NoLeakH1 ~NoLeakH2 l ~V2 {145, 131}
1247. NoLeak LowTemp ReactorUnitSafe ~NoLeakH2 ~okH2 l ~V2 {145, 134}
1248. LowTemp ReactorUnitSafe ~okH1 l ~V1 ~V2 {145, 142}
1249. ~NoLeak ReactorUnitSafe ~okH1 okH2 l ~V2 {145, 143}
1250. LowTemp ReactorUnitSafe NoLeakH1 ~NoLeakH2 okH1 V1 ~V2 {146, 28}
1251. LowTemp ReactorUnitSafe okH1 okH2 l V1 ~V2 {146, 34}
1252. LowTemp ReactorUnitSafe ~NoLeakH2 okH1 V1 ~V2 {146, 40}
1253. ReactorUnitSafe okH1 okH2 l V1 ~V2 {146, 43}
1254. ReactorUnitSafe ~NoLeakH1 ~NoLeakH2 okH1 l ~V2 {146, 57}
1255. NoLeak ~LowTemp ReactorUnitSafe ~NoLeakH1 ~NoLeakH2 okH1 okH2 l V1 {146, 63}
1256. ~NoLeak ~LowTemp ReactorUnitSafe NoLeakH1 ~NoLeakH2 okH1 okH2 l V1 {146, 64}
1257. NoLeak ReactorUnitSafe ~NoLeakH2 okH1 okH2 l V1 {146, 70}
1258. NoLeak LowTemp ReactorUnitSafe ~NoLeakH2 okH1 V1 ~V2 {146, 71}
1259. LowTemp ReactorUnitSafe okH1 l V1 ~V2 {146, 90}
1260. ReactorUnitSafe okH1 l V1 ~V2 {146, 91}
1261. ~NoLeak ReactorUnitSafe NoLeakH1 ~NoLeakH2 okH1 V1 ~V2 {146, 95}
1262. ~NoLeak LowTemp ReactorUnitSafe ~NoLeakH2 okH1 l ~V2 {146, 97}
1263. ~NoLeak ReactorUnitSafe ~NoLeakH2 okH1 V1 ~V2 {146, 98}
1264. NoLeak LowTemp ReactorUnitSafe NoLeakH1 ~NoLeakH2 okH1 V1 ~V2 {146, 107}
1265. NoLeak LowTemp ReactorUnitSafe ~NoLeakH2 okH1 ~okH2 V1 ~V2 {146, 108}
1266. ReactorUnitSafe ~NoLeakH1 ~NoLeakH2 okH1 ~okH2 l ~V2 {146, 124}
1267. ~NoLeak LowTemp ReactorUnitSafe NoLeakH1 ~NoLeakH2 okH1 l ~V2 {146, 128}
1268. NoLeak LowTemp ReactorUnitSafe ~NoLeakH2 okH1 okH2 l V1 {146, 135}
1269. NoLeak LowTemp ReactorUnitSafe ~NoLeakH1 ~NoLeakH2 okH1 okH2 l ~V2 {146, 141}
1270. ~NoLeak ReactorUnitSafe okH1 okH2 l V1 ~V2 {146, 143}
1271. LowTemp ReactorUnitSafe ~NoLeakH1 NoLeakH2 l ~V2 {147, 34}
1272. ~NoLeak ~LowTemp ReactorUnitSafe ~NoLeakH1 ~NoLeakH2 okH1 ~okH2 l V1 {147, 38}
1273. ReactorUnitSafe ~okH2 l ~V2 {147, 39}
1274. LowTemp ReactorUnitSafe ~NoLeakH1 ~okH2 ~V2 {147, 40}
1275. ~NoLeak ~LowTemp ReactorUnitSafe ~NoLeakH1 ~NoLeakH2 okH1 l V1 ~V2 {147, 42}
1276. ReactorUnitSafe ~NoLeakH1 NoLeakH2 l ~V2 {147, 43}
1277. ~LowTemp ReactorUnitSafe ~NoLeakH1 ~NoLeakH2 okH1 ~okH2 l V1 {147, 50}
1278. ~LowTemp ReactorUnitSafe ~NoLeakH1 ~NoLeakH2 okH1 l V1 ~V2 {147, 51}
1279. LowTemp ReactorUnitSafe ~okH2 l ~V2 {147, 75}
1280. NoLeak ReactorUnitSafe ~NoLeakH1 NoLeakH2 ~okH2 l {147, 77}
1281. NoLeak ~LowTemp ReactorUnitSafe ~NoLeakH1 ~NoLeakH2 okH1 ~okH2 l V1 {147, 78}
1282. ~NoLeak ~LowTemp ReactorUnitSafe ~NoLeakH1 NoLeakH2 okH1 ~okH2 l V1 {147, 80}
1283. ~NoLeak ~LowTemp ReactorUnitSafe ~NoLeakH1 okH1 ~okH2 l V1 {147, 82}
1284. ~NoLeak ~LowTemp ReactorUnitSafe ~NoLeakH1 okH1 l V1 ~V2 {147, 83}
1285. NoLeak LowTemp ReactorUnitSafe ~NoLeakH1 l ~V2 {147, 85}
1286. NoLeak ReactorUnitSafe ~NoLeakH1 l ~V2 {147, 87}
1287. ~LowTemp ReactorUnitSafe ~NoLeakH1 ~okH2 l {147, 92}
1288. NoLeak ReactorUnitSafe ~NoLeakH1 ~okH1 ~okH2 l {147, 93}
1289. NoLeak ReactorUnitSafe ~NoLeakH1 okH1 ~okH2 l V1 {147, 94}
1290. ~NoLeak ReactorUnitSafe ~NoLeakH1 ~okH2 ~V2 {147, 98}
1291. ~NoLeak ReactorUnitSafe ~NoLeakH1 NoLeakH2 ~okH2 ~V1 ~V2 {147, 102}
1292. NoLeak LowTemp ReactorUnitSafe ~NoLeakH1 okH1 ~okH2 ~V2 {147, 108}
1293. NoLeak LowTemp ReactorUnitSafe ~NoLeakH1 NoLeakH2 ~okH2 ~V1 ~V2 {147, 116}
1294. ~NoLeak ReactorUnitSafe okH1 ~okH2 l ~V2 {147, 118}
1295. ~NoLeak ReactorUnitSafe ~okH2 l ~V2 {147, 123}
1296. ~NoLeak LowTemp ReactorUnitSafe ~NoLeakH1 NoLeakH2 l ~V1 ~V2 {147, 129}
1297. ReactorUnitSafe okH1 ~okH2 l ~V2 {147, 131}
1298. NoLeak LowTemp ReactorUnitSafe ~NoLeakH1 l ~V1 ~V2 {147, 141}
1299. ~NoLeak ReactorUnitSafe ~NoLeakH1 NoLeakH2 l ~V2 {147, 143}
1300. ~NoLeak ~LowTemp ReactorUnitSafe ~okH1 l {148, 52}
1301. ~NoLeak ~LowTemp ReactorUnitSafe okH1 l V1 {148, 53}
1302. ~NoLeak ReactorUnitSafe ~NoLeakH1 l ~V1 {148, 57}
1303. ~NoLeak ReactorUnitSafe ~NoLeakH1 l ~V2 {148, 58}
1304. ReactorUnitSafe NoLeakH2 ~okH1 ~okH2 l {148, 60}
1305. ReactorUnitSafe NoLeakH2 okH1 ~okH2 l V1 {148, 69}
1306. ~NoLeak ~LowTemp ReactorUnitSafe l V1 {148, 76}
1307. ReactorUnitSafe NoLeakH2 ~okH2 l V1 {148, 79}
1308. ReactorUnitSafe NoLeakH2 ~okH1 l V2 {148, 93}
1309. ReactorUnitSafe NoLeakH2 okH1 l V1 V2 {148, 94}
1310. ~NoLeak ReactorUnitSafe NoLeakH1 NoLeakH2 okH1 ~V2 {148, 95}
1311. ~NoLeak ReactorUnitSafe NoLeakH2 ~V2 {148, 98}
1312. ~NoLeak ReactorUnitSafe NoLeakH1 NoLeakH2 ~V2 {148, 100}
1313. ~NoLeak ReactorUnitSafe ~okH1 l ~V1 {148, 121}
1314. LowTemp ReactorUnitSafe NoLeakH2 okH1 ~okH2 l {148, 134}
1315. ~NoLeak ReactorUnitSafe ~NoLeakH1 l ~V1 ~V2 {148, 138}
1316. ~NoLeak ReactorUnitSafe ~okH1 l ~V2 {148, 145}
1317. ~NoLeak ReactorUnitSafe okH1 l V1 ~V2 {148, 146}
1318. LowTemp ReactorUnitSafe NoLeakH1 ~NoLeakH2 okH1 ~V2 {149, 62}
1319. LowTemp ReactorUnitSafe NoLeakH1 okH1 ~okH2 V1 ~V2 {149, 69}
1320. LowTemp ReactorUnitSafe NoLeakH1 okH1 ~okH2 l ~V2 {149, 134}
1321. ~NoLeak LowTemp ReactorUnitSafe NoLeakH1 ~NoLeakH2 l ~V2 {149, 145}
1322. ~NoLeak LowTemp ReactorUnitSafe okH1 ~okH2 l ~V2 {149, 147}
1323. LowTemp ReactorUnitSafe ~NoLeakH1 NoLeakH2 okH2 ~l ~V1 ~V2 {150, 84}
1324. LowTemp ReactorUnitSafe ~NoLeakH1 NoLeakH2 okH2 l ~V1 ~V2 {150, 85}
1325. LowTemp ReactorUnitSafe ~NoLeakH1 NoLeakH2 okH2 ~V1 ~V2 {150, 87}
1326. LowTemp ReactorUnitSafe NoLeakH2 ~okH1 okH2 ~l ~V1 ~V2 {150, 114}
1327. ~NoLeak LowTemp ReactorUnitSafe ~NoLeakH1 NoLeakH2 okH2 l ~V1 {150, 126}
1328. ReactorUnitSafe ~NoLeakH1 NoLeakH2 okH2 V2 {151, 55}
1329. NoLeak LowTemp NoLeakH2 ~okH1 {151, 60}
1330. NoLeak LowTemp okH2 {151, 62}
1331. NoLeak LowTemp NoLeakH2 okH1 V1 {151, 69}
1332. NoLeak LowTemp NoLeakH2 V1 {151, 79}
1333. ~NoLeak ReactorUnitSafe ~NoLeakH1 NoLeakH2 okH1 okH2 V1 V2 {151, 81}
1334. ~LowTemp ReactorUnitSafe ~okH1 okH2 l {152, 52}
1335. ~LowTemp ReactorUnitSafe okH1 okH2 l V1 {152, 53}
1336. ~LowTemp ReactorUnitSafe ~NoLeakH1 NoLeakH2 l {152, 54}
1337. NoLeak NoLeakH1 okH2 l V1 {152, 59}
1338. NoLeak NoLeakH2 ~okH1 l {152, 60}
1339. NoLeak okH2 l {152, 62}
1340. NoLeak NoLeakH2 okH1 l V1 {152, 69}
1341. ~LowTemp ReactorUnitSafe okH2 l V1 {152, 76}
1342. NoLeak NoLeakH2 l V1 {152, 79}
1343. NoLeakH1 NoLeakH2 okH1 okH2 ~V2 {152, 106}
1344. ReactorUnitSafe ~NoLeakH1 okH2 l ~V1 ~V2 {152, 138}
1345. NoLeak LowTemp ~okH1 okH2 ~V2 {153, 40}
1346. NoLeak ReactorUnitSafe ~NoLeakH1 ~okH1 okH2 l V2 {153, 55}
1347. NoLeak ReactorUnitSafe ~NoLeakH1 ~NoLeakH2 ~okH1 okH2 l V1 V2 {153, 63}
1348. NoLeak LowTemp okH2 l V1 V2 {153, 70}
1349. NoLeak LowTemp NoLeakH1 ~okH1 okH2 ~V2 {153, 74}
1350. NoLeak LowTemp ~okH1 l V1 {153, 79}
1351. NoLeak LowTemp NoLeakH1 okH2 l ~V2 {153, 105}
1352. NoLeak LowTemp NoLeakH1 ~NoLeakH2 ~okH1 okH2 ~V2 {153, 107}
1353. NoLeak LowTemp NoLeakH2 ~okH1 okH2 {153, 112}
1354. NoLeak LowTemp NoLeakH1 NoLeakH2 ~okH1 okH2 {153, 115}
1355. NoLeak LowTemp ~NoLeakH1 NoLeakH2 ~okH1 okH2 ~V1 {153, 116}
1356. LowTemp ReactorUnitSafe ~okH1 okH2 l {153, 120}
1357. LowTemp ReactorUnitSafe NoLeakH1 ~okH1 okH2 l {153, 123}
1358. NoLeak LowTemp ReactorUnitSafe ~NoLeakH1 ~okH1 l ~V1 {153, 124}
1359. LowTemp ReactorUnitSafe NoLeakH2 ~okH1 okH2 l ~V1 {153, 129}
1360. NoLeak LowTemp NoLeakH1 NoLeakH2 okH2 l ~V1 {153, 136}
1361. NoLeak LowTemp ~NoLeakH2 okH2 l ~V2 {153, 139}
1362. LowTemp ReactorUnitSafe NoLeakH2 ~okH1 okH2 l {153, 143}
1363. NoLeak LowTemp ReactorUnitSafe ~NoLeakH2 okH2 l V1 ~V2 {153, 146}
1364. NoLeak LowTemp ReactorUnitSafe ~NoLeakH1 ~okH1 l ~V2 {153, 147}
1365. LowTemp ReactorUnitSafe NoLeakH2 ~okH1 okH2 l ~V1 ~V2 {153, 150}
1366. NoLeak LowTemp NoLeakH1 okH1 okH2 V1 ~V2 {154, 28}
1367. NoLeak LowTemp okH1 okH2 V1 ~V2 {154, 40}
1368. NoLeak LowTemp ~NoLeakH2 okH1 okH2 V1 ~V2 {154, 71}
1369. NoLeak LowTemp NoLeakH1 NoLeakH2 okH1 okH2 V1 {154, 103}
1370. NoLeak LowTemp NoLeakH1 okH1 okH2 l ~V2 {154, 104}
1371. NoLeak LowTemp NoLeakH1 ~NoLeakH2 okH1 okH2 V1 ~V2 {154, 107}
1372. NoLeak LowTemp NoLeakH2 okH1 okH2 l {154, 110}
1373. NoLeak LowTemp NoLeakH2 okH1 okH2 l ~V2 {154, 111}
1374. NoLeak LowTemp NoLeakH2 okH1 okH2 V1 {154, 112}
1375. LowTemp ReactorUnitSafe NoLeakH1 okH1 okH2 l V1 {154, 118}
1376. LowTemp ReactorUnitSafe okH1 okH2 l V1 {154, 120}
1377. NoLeak LowTemp ReactorUnitSafe ~NoLeakH1 okH1 okH2 l V2 {154, 126}
1378. NoLeak LowTemp NoLeakH1 NoLeakH2 okH1 okH2 l {154, 136}
1379. NoLeak LowTemp ~NoLeakH1 okH1 okH2 l {154, 141}
1380. LowTemp ReactorUnitSafe NoLeakH2 okH1 okH2 l V1 {154, 143}
1381. NoLeak LowTemp ReactorUnitSafe ~NoLeakH1 okH1 l V1 ~V2 {154, 147}
1382. LowTemp ReactorUnitSafe NoLeakH1 okH1 okH2 l V1 ~V2 {154, 149}
1383. NoLeak LowTemp NoLeakH2 l {155, 39}
1384. NoLeak LowTemp ~NoLeakH1 NoLeakH2 ~V2 {155, 40}
1385. NoLeak ReactorUnitSafe ~NoLeakH1 NoLeakH2 okH1 okH2 l V1 V2 {155, 48}
1386. NoLeak ReactorUnitSafe ~NoLeakH1 NoLeakH2 okH2 l V2 {155, 55}
1387. NoLeak ReactorUnitSafe ~NoLeakH1 NoLeakH2 l V2 {155, 92}
1388. NoLeak LowTemp NoLeakH2 okH1 l ~V2 {155, 105}
1389. NoLeak LowTemp ~NoLeakH1 NoLeakH2 okH1 ~okH2 ~V2 {155, 108}
1390. LowTemp ReactorUnitSafe ~NoLeakH1 NoLeakH2 l {155, 120}
1391. NoLeak LowTemp ~NoLeakH1 okH1 l ~V2 {155, 139}
1392. NoLeak LowTemp NoLeakH2 l ~V2 {155, 140}
1393. ~NoLeak LowTemp ReactorUnitSafe ~NoLeakH1 NoLeakH2 okH1 okH2 l V2 {156, 9}
1394. ~NoLeak LowTemp ReactorUnitSafe ~NoLeakH1 NoLeakH2 okH1 okH2 l V1 {156, 10}
1395. ~NoLeak LowTemp ReactorUnitSafe NoLeakH2 okH1 okH2 l V1 V2 {156, 31}
1396. LowTemp ReactorUnitSafe ~NoLeakH1 NoLeakH2 okH1 okH2 l V1 V2 {156, 85}
1397. ~NoLeak LowTemp ReactorUnitSafe ~NoLeakH1 NoLeakH2 okH1 okH2 V1 V2 {156, 112}
1398. NoLeak LowTemp NoLeakH1 okH1 okH2 ~V2 {157, 62}
1399. NoLeak LowTemp NoLeakH1 NoLeakH2 okH1 V1 ~V2 {157, 69}
1400. NoLeak LowTemp NoLeakH2 okH1 okH2 ~l ~V1 ~V2 {157, 84}
1401. NoLeak LowTemp NoLeakH2 okH1 okH2 ~V2 {157, 87}
1402. NoLeak LowTemp NoLeakH1 NoLeakH2 okH2 ~l ~V1 ~V2 {157, 114}
1403. NoLeak LowTemp NoLeakH1 NoLeakH2 okH1 l ~V2 {157, 134}
1404. NoLeak LowTemp NoLeakH2 okH1 okH2 ~V1 ~V2 {157, 141}
1405. NoLeak LowTemp NoLeakH1 NoLeakH2 okH2 l ~V2 {157, 153}
1406. ~NoLeak ~LowTemp ReactorUnitSafe ~NoLeakH1 okH1 ~okH2 V1 V2 {158, 6}
1407. ~NoLeak ~LowTemp ReactorUnitSafe ~NoLeakH1 ~NoLeakH2 okH1 V1 {158, 15}
1408. ~LowTemp ReactorUnitSafe ~NoLeakH1 ~NoLeakH2 okH1 ~okH2 V1 V2 {158, 23}
1409. ~NoLeak ~LowTemp ReactorUnitSafe ~NoLeakH1 ~NoLeakH2 V1 V2 {158, 52}
1410. ~NoLeak ~LowTemp ReactorUnitSafe ~NoLeakH1 ~NoLeakH2 okH1 ~l V1 {158, 98}
1411. ~NoLeak ~LowTemp ReactorUnitSafe ~NoLeakH1 ~NoLeakH2 okH1 V2 {158, 119}
1412. ~NoLeak ~LowTemp ReactorUnitSafe ~NoLeakH1 ~NoLeakH2 okH1 okH2 ~l ~V2 {159, 27}
1413. ~NoLeak ReactorUnitSafe ~NoLeakH1 ~NoLeakH2 okH1 okH2 V1 ~V2 {159, 37}
1414. ~NoLeak ReactorUnitSafe ~NoLeakH1 ~NoLeakH2 okH1 okH2 ~l V1 ~V2 {159, 40}
1415. ~NoLeak ~LowTemp ReactorUnitSafe ~NoLeakH1 ~NoLeakH2 okH2 V1 {159, 52}
1416. ~NoLeak ~LowTemp ReactorUnitSafe ~NoLeakH2 okH1 okH2 ~l V1 ~V2 {159, 95}
1417. ~NoLeak ~LowTemp ReactorUnitSafe ~NoLeakH1 ~NoLeakH2 okH1 okH2 {159, 119}
1418. ~NoLeak ~LowTemp ReactorUnitSafe ~NoLeakH1 ~NoLeakH2 okH1 okH2 ~V2 {159, 127}
1419. Contradiction {160, 16}
Valid
